Run successfully completed
Final P-machine state:
PC = 3   MP = 0   SP = 0   EP = -1   NP = 100   code size = 60
STORE = 
(0,Null)
(1,Null)
(2,Int 0)
(3,Int 0)
(4,Int (-1))
(5,Int 3)
(6,Int 120)
(7,Int 0)
(8,Int 1)
(9,Int (-1))
(10,Int 59)
(11,Int 5)
(12,Int 120)
(13,Int 24)
(14,Int 0)
(15,Int 6)
(16,Int (-1))
(17,Int 27)
(18,Int 4)
(19,Int 24)
(20,Int 6)
(21,Int 0)
(22,Int 13)
(23,Int (-1))
(24,Int 53)
(25,Int 3)
(26,Int 6)
(27,Int 2)
(28,Int 0)
(29,Int 20)
(30,Int (-1))
(31,Int 27)
(32,Int 2)
(33,Int 2)
(34,Int 1)
(35,Int 0)
(36,Int 27)
(37,Int (-1))
(38,Int 53)
(39,Int 1)
(40,Int 1)
(41,Bool True)
(42,Int 1)
(43,Null)
(44,Null)
(45,Null)
(46,Null)
(47,Null)
(48,Null)
(49,Null)
(50,Null)
(51,Null)
(52,Null)
(53,Null)
(54,Null)
(55,Null)
(56,Null)
(57,Null)
(58,Null)
(59,Null)
(60,Null)
(61,Null)
(62,Null)
(63,Null)
(64,Null)
(65,Null)
(66,Null)
(67,Null)
(68,Null)
(69,Null)
(70,Null)
(71,Null)
(72,Null)
(73,Null)
(74,Null)
(75,Null)
(76,Null)
(77,Null)
(78,Null)
(79,Null)
(80,Null)
(81,Null)
(82,Null)
(83,Null)
(84,Null)
(85,Null)
(86,Null)
(87,Null)
(88,Null)
(89,Null)
(90,Null)
(91,Null)
(92,Null)
(93,Null)
(94,Null)
(95,Null)
(96,Null)
(97,Null)
(98,Null)
(99,Null)
