Run successfully completed
Final P-machine state:
PC = 3   MP = 0   SP = 19   EP = -1   NP = 5000   code size = 249
STORE =
(0,Int 0)
(1,Int 1)
(2,Int 2)
(3,Int 3)
(4,Int 4)
(5,Int 5)
(6,Int 6)
(7,Int 7)
(8,Int 8)
(9,Int 9)
(10,Int 10)
(11,Int 11)
(12,Int 12)
(13,Int 13)
(14,Int 14)
(15,Int 15)
(16,Int 16)
(17,Int 17)
(18,Int 18)
(19,Int 19)
(20,Null)
(21,Int 0)
(22,Int 0)
(23,Int (-1))
(24,Int 3)
(25,Int 20)
(26,Int 20)
(27,Bool False)
(28,Int 0)
(29,Int 20)
(30,Int (-1))
(31,Int 54)
(32,Int 0)
(33,Int 19)
(34,Int 0)
(35,Int 0)
(36,Int 0)
(37,Int 1)
(38,Int 0)
(39,Int 0)
(40,Int 27)
(41,Int (-1))
(42,Int 247)
(43,Int 1)
(44,Int 19)
(45,Int 1)
(46,Int 7)
(47,Int 7)
(48,Int 8)
(49,Int 7)
(50,Int 0)
(51,Int 38)
(52,Int (-1))
(53,Int 247)
(54,Int 8)
(55,Int 19)
(56,Int 8)
(57,Int 16)
(58,Int 16)
(59,Int 17)
(60,Int 16)
(61,Int 0)
(62,Int 49)
(63,Int (-1))
(64,Int 247)
(65,Int 17)
(66,Int 19)
(67,Int 17)
(68,Int 19)
(69,Int 19)
(70,Int 19)
(71,Int 19)
(72,Int 0)
(73,Int 60)
(74,Int (-1))
(75,Int 247)
(76,Int 20)
(77,Int 19)
(78,Int 17)
(79,Int 17)
(80,Int 17)
(81,Int 18)
(82,Bool False)
(83,Int 19)
(84,Int 71)
(85,Int (-1))
(86,Int 247)
(87,Int 18)
(88,Int 18)
(89,Int 1)
(90,Int 13)
(91,Int 13)
(92,Int 14)
(93,Bool False)
(94,Int 18)
(95,Int 82)
(96,Int (-1))
(97,Int 247)
(98,Int 14)
(99,Int 14)
(100,Int 1)
(101,Int 9)
(102,Int 9)
(103,Int 10)
(104,Bool False)
(105,Int 14)
(106,Int 93)
(107,Int (-1))
(108,Int 247)
(109,Int 10)
(110,Int 10)
(111,Int 1)
(112,Null)
(113,Null)
(114,Null)
(115,Bool False)
(116,Int 10)
(117,Null)
(118,Null)
(119,Null)
(120,Null)
(121,Null)
(122,Null)
(123,Null)
(124,Null)
(125,Null)
(126,Null)
(127,Null)
(128,Null)
(129,Null)
(130,Null)
(131,Null)
(132,Null)
(133,Null)
(134,Null)
(135,Null)
(136,Null)
(137,Null)
(138,Null)
(139,Null)
(140,Null)
(141,Null)
(142,Null)
(143,Null)
(144,Null)
(145,Null)
(146,Null)
(147,Null)
(148,Null)
(149,Null)
(150,Null)
(151,Null)
(152,Null)
(153,Null)
(154,Null)
(155,Null)
(156,Null)
(157,Null)
(158,Null)
(159,Null)
(160,Null)
(161,Null)
(162,Null)
(163,Null)
(164,Null)
(165,Null)
(166,Null)
(167,Null)
(168,Null)
(169,Null)
(170,Null)
(171,Null)
(172,Null)
(173,Null)
(174,Null)
(175,Null)
(176,Null)
(177,Null)
(178,Null)
(179,Null)
(180,Null)
(181,Null)
(182,Null)
(183,Null)
(184,Null)
(185,Null)
(186,Null)
(187,Null)
(188,Null)
(189,Null)
(190,Null)
(191,Null)
(192,Null)
(193,Null)
(194,Null)
(195,Null)
(196,Null)
(197,Null)
(198,Null)
(199,Null)
(200,Null)
(201,Null)
(202,Null)
(203,Null)
(204,Null)
(205,Null)
(206,Null)
(207,Null)
(208,Null)
(209,Null)
(210,Null)
(211,Null)
(212,Null)
(213,Null)
(214,Null)
(215,Null)
(216,Null)
(217,Null)
(218,Null)
(219,Null)
(220,Null)
(221,Null)
(222,Null)
(223,Null)
(224,Null)
(225,Null)
(226,Null)
(227,Null)
(228,Null)
(229,Null)
(230,Null)
(231,Null)
(232,Null)
(233,Null)
(234,Null)
(235,Null)
(236,Null)
(237,Null)
(238,Null)
(239,Null)
(240,Null)
(241,Null)
(242,Null)
(243,Null)
(244,Null)
(245,Null)
(246,Null)
(247,Null)
(248,Null)
(249,Null)
(250,Null)
(251,Null)
(252,Null)
(253,Null)
(254,Null)
(255,Null)
(256,Null)
(257,Null)
(258,Null)
(259,Null)
(260,Null)
(261,Null)
(262,Null)
(263,Null)
(264,Null)
(265,Null)
(266,Null)
(267,Null)
(268,Null)
(269,Null)
(270,Null)
(271,Null)
(272,Null)
(273,Null)
(274,Null)
(275,Null)
(276,Null)
(277,Null)
(278,Null)
(279,Null)
(280,Null)
(281,Null)
(282,Null)
(283,Null)
(284,Null)
(285,Null)
(286,Null)
(287,Null)
(288,Null)
(289,Null)
(290,Null)
(291,Null)
(292,Null)
(293,Null)
(294,Null)
(295,Null)
(296,Null)
(297,Null)
(298,Null)
(299,Null)
(300,Null)
(301,Null)
(302,Null)
(303,Null)
(304,Null)
(305,Null)
(306,Null)
(307,Null)
(308,Null)
(309,Null)
(310,Null)
(311,Null)
(312,Null)
(313,Null)
(314,Null)
(315,Null)
(316,Null)
(317,Null)
(318,Null)
(319,Null)
(320,Null)
(321,Null)
(322,Null)
(323,Null)
(324,Null)
(325,Null)
(326,Null)
(327,Null)
(328,Null)
(329,Null)
(330,Null)
(331,Null)
(332,Null)
(333,Null)
(334,Null)
(335,Null)
(336,Null)
(337,Null)
(338,Null)
(339,Null)
(340,Null)
(341,Null)
(342,Null)
(343,Null)
(344,Null)
(345,Null)
(346,Null)
(347,Null)
(348,Null)
(349,Null)
(350,Null)
(351,Null)
(352,Null)
(353,Null)
(354,Null)
(355,Null)
(356,Null)
(357,Null)
(358,Null)
(359,Null)
(360,Null)
(361,Null)
(362,Null)
(363,Null)
(364,Null)
(365,Null)
(366,Null)
(367,Null)
(368,Null)
(369,Null)
(370,Null)
(371,Null)
(372,Null)
(373,Null)
(374,Null)
(375,Null)
(376,Null)
(377,Null)
(378,Null)
(379,Null)
(380,Null)
(381,Null)
(382,Null)
(383,Null)
(384,Null)
(385,Null)
(386,Null)
(387,Null)
(388,Null)
(389,Null)
(390,Null)
(391,Null)
(392,Null)
(393,Null)
(394,Null)
(395,Null)
(396,Null)
(397,Null)
(398,Null)
(399,Null)
(400,Null)
(401,Null)
(402,Null)
(403,Null)
(404,Null)
(405,Null)
(406,Null)
(407,Null)
(408,Null)
(409,Null)
(410,Null)
(411,Null)
(412,Null)
(413,Null)
(414,Null)
(415,Null)
(416,Null)
(417,Null)
(418,Null)
(419,Null)
(420,Null)
(421,Null)
(422,Null)
(423,Null)
(424,Null)
(425,Null)
(426,Null)
(427,Null)
(428,Null)
(429,Null)
(430,Null)
(431,Null)
(432,Null)
(433,Null)
(434,Null)
(435,Null)
(436,Null)
(437,Null)
(438,Null)
(439,Null)
(440,Null)
(441,Null)
(442,Null)
(443,Null)
(444,Null)
(445,Null)
(446,Null)
(447,Null)
(448,Null)
(449,Null)
(450,Null)
(451,Null)
(452,Null)
(453,Null)
(454,Null)
(455,Null)
(456,Null)
(457,Null)
(458,Null)
(459,Null)
(460,Null)
(461,Null)
(462,Null)
(463,Null)
(464,Null)
(465,Null)
(466,Null)
(467,Null)
(468,Null)
(469,Null)
(470,Null)
(471,Null)
(472,Null)
(473,Null)
(474,Null)
(475,Null)
(476,Null)
(477,Null)
(478,Null)
(479,Null)
(480,Null)
(481,Null)
(482,Null)
(483,Null)
(484,Null)
(485,Null)
(486,Null)
(487,Null)
(488,Null)
(489,Null)
(490,Null)
(491,Null)
(492,Null)
(493,Null)
(494,Null)
(495,Null)
(496,Null)
(497,Null)
(498,Null)
(499,Null)
(500,Null)
(501,Null)
(502,Null)
(503,Null)
(504,Null)
(505,Null)
(506,Null)
(507,Null)
(508,Null)
(509,Null)
(510,Null)
(511,Null)
(512,Null)
(513,Null)
(514,Null)
(515,Null)
(516,Null)
(517,Null)
(518,Null)
(519,Null)
(520,Null)
(521,Null)
(522,Null)
(523,Null)
(524,Null)
(525,Null)
(526,Null)
(527,Null)
(528,Null)
(529,Null)
(530,Null)
(531,Null)
(532,Null)
(533,Null)
(534,Null)
(535,Null)
(536,Null)
(537,Null)
(538,Null)
(539,Null)
(540,Null)
(541,Null)
(542,Null)
(543,Null)
(544,Null)
(545,Null)
(546,Null)
(547,Null)
(548,Null)
(549,Null)
(550,Null)
(551,Null)
(552,Null)
(553,Null)
(554,Null)
(555,Null)
(556,Null)
(557,Null)
(558,Null)
(559,Null)
(560,Null)
(561,Null)
(562,Null)
(563,Null)
(564,Null)
(565,Null)
(566,Null)
(567,Null)
(568,Null)
(569,Null)
(570,Null)
(571,Null)
(572,Null)
(573,Null)
(574,Null)
(575,Null)
(576,Null)
(577,Null)
(578,Null)
(579,Null)
(580,Null)
(581,Null)
(582,Null)
(583,Null)
(584,Null)
(585,Null)
(586,Null)
(587,Null)
(588,Null)
(589,Null)
(590,Null)
(591,Null)
(592,Null)
(593,Null)
(594,Null)
(595,Null)
(596,Null)
(597,Null)
(598,Null)
(599,Null)
(600,Null)
(601,Null)
(602,Null)
(603,Null)
(604,Null)
(605,Null)
(606,Null)
(607,Null)
(608,Null)
(609,Null)
(610,Null)
(611,Null)
(612,Null)
(613,Null)
(614,Null)
(615,Null)
(616,Null)
(617,Null)
(618,Null)
(619,Null)
(620,Null)
(621,Null)
(622,Null)
(623,Null)
(624,Null)
(625,Null)
(626,Null)
(627,Null)
(628,Null)
(629,Null)
(630,Null)
(631,Null)
(632,Null)
(633,Null)
(634,Null)
(635,Null)
(636,Null)
(637,Null)
(638,Null)
(639,Null)
(640,Null)
(641,Null)
(642,Null)
(643,Null)
(644,Null)
(645,Null)
(646,Null)
(647,Null)
(648,Null)
(649,Null)
(650,Null)
(651,Null)
(652,Null)
(653,Null)
(654,Null)
(655,Null)
(656,Null)
(657,Null)
(658,Null)
(659,Null)
(660,Null)
(661,Null)
(662,Null)
(663,Null)
(664,Null)
(665,Null)
(666,Null)
(667,Null)
(668,Null)
(669,Null)
(670,Null)
(671,Null)
(672,Null)
(673,Null)
(674,Null)
(675,Null)
(676,Null)
(677,Null)
(678,Null)
(679,Null)
(680,Null)
(681,Null)
(682,Null)
(683,Null)
(684,Null)
(685,Null)
(686,Null)
(687,Null)
(688,Null)
(689,Null)
(690,Null)
(691,Null)
(692,Null)
(693,Null)
(694,Null)
(695,Null)
(696,Null)
(697,Null)
(698,Null)
(699,Null)
(700,Null)
(701,Null)
(702,Null)
(703,Null)
(704,Null)
(705,Null)
(706,Null)
(707,Null)
(708,Null)
(709,Null)
(710,Null)
(711,Null)
(712,Null)
(713,Null)
(714,Null)
(715,Null)
(716,Null)
(717,Null)
(718,Null)
(719,Null)
(720,Null)
(721,Null)
(722,Null)
(723,Null)
(724,Null)
(725,Null)
(726,Null)
(727,Null)
(728,Null)
(729,Null)
(730,Null)
(731,Null)
(732,Null)
(733,Null)
(734,Null)
(735,Null)
(736,Null)
(737,Null)
(738,Null)
(739,Null)
(740,Null)
(741,Null)
(742,Null)
(743,Null)
(744,Null)
(745,Null)
(746,Null)
(747,Null)
(748,Null)
(749,Null)
(750,Null)
(751,Null)
(752,Null)
(753,Null)
(754,Null)
(755,Null)
(756,Null)
(757,Null)
(758,Null)
(759,Null)
(760,Null)
(761,Null)
(762,Null)
(763,Null)
(764,Null)
(765,Null)
(766,Null)
(767,Null)
(768,Null)
(769,Null)
(770,Null)
(771,Null)
(772,Null)
(773,Null)
(774,Null)
(775,Null)
(776,Null)
(777,Null)
(778,Null)
(779,Null)
(780,Null)
(781,Null)
(782,Null)
(783,Null)
(784,Null)
(785,Null)
(786,Null)
(787,Null)
(788,Null)
(789,Null)
(790,Null)
(791,Null)
(792,Null)
(793,Null)
(794,Null)
(795,Null)
(796,Null)
(797,Null)
(798,Null)
(799,Null)
(800,Null)
(801,Null)
(802,Null)
(803,Null)
(804,Null)
(805,Null)
(806,Null)
(807,Null)
(808,Null)
(809,Null)
(810,Null)
(811,Null)
(812,Null)
(813,Null)
(814,Null)
(815,Null)
(816,Null)
(817,Null)
(818,Null)
(819,Null)
(820,Null)
(821,Null)
(822,Null)
(823,Null)
(824,Null)
(825,Null)
(826,Null)
(827,Null)
(828,Null)
(829,Null)
(830,Null)
(831,Null)
(832,Null)
(833,Null)
(834,Null)
(835,Null)
(836,Null)
(837,Null)
(838,Null)
(839,Null)
(840,Null)
(841,Null)
(842,Null)
(843,Null)
(844,Null)
(845,Null)
(846,Null)
(847,Null)
(848,Null)
(849,Null)
(850,Null)
(851,Null)
(852,Null)
(853,Null)
(854,Null)
(855,Null)
(856,Null)
(857,Null)
(858,Null)
(859,Null)
(860,Null)
(861,Null)
(862,Null)
(863,Null)
(864,Null)
(865,Null)
(866,Null)
(867,Null)
(868,Null)
(869,Null)
(870,Null)
(871,Null)
(872,Null)
(873,Null)
(874,Null)
(875,Null)
(876,Null)
(877,Null)
(878,Null)
(879,Null)
(880,Null)
(881,Null)
(882,Null)
(883,Null)
(884,Null)
(885,Null)
(886,Null)
(887,Null)
(888,Null)
(889,Null)
(890,Null)
(891,Null)
(892,Null)
(893,Null)
(894,Null)
(895,Null)
(896,Null)
(897,Null)
(898,Null)
(899,Null)
(900,Null)
(901,Null)
(902,Null)
(903,Null)
(904,Null)
(905,Null)
(906,Null)
(907,Null)
(908,Null)
(909,Null)
(910,Null)
(911,Null)
(912,Null)
(913,Null)
(914,Null)
(915,Null)
(916,Null)
(917,Null)
(918,Null)
(919,Null)
(920,Null)
(921,Null)
(922,Null)
(923,Null)
(924,Null)
(925,Null)
(926,Null)
(927,Null)
(928,Null)
(929,Null)
(930,Null)
(931,Null)
(932,Null)
(933,Null)
(934,Null)
(935,Null)
(936,Null)
(937,Null)
(938,Null)
(939,Null)
(940,Null)
(941,Null)
(942,Null)
(943,Null)
(944,Null)
(945,Null)
(946,Null)
(947,Null)
(948,Null)
(949,Null)
(950,Null)
(951,Null)
(952,Null)
(953,Null)
(954,Null)
(955,Null)
(956,Null)
(957,Null)
(958,Null)
(959,Null)
(960,Null)
(961,Null)
(962,Null)
(963,Null)
(964,Null)
(965,Null)
(966,Null)
(967,Null)
(968,Null)
(969,Null)
(970,Null)
(971,Null)
(972,Null)
(973,Null)
(974,Null)
(975,Null)
(976,Null)
(977,Null)
(978,Null)
(979,Null)
(980,Null)
(981,Null)
(982,Null)
(983,Null)
(984,Null)
(985,Null)
(986,Null)
(987,Null)
(988,Null)
(989,Null)
(990,Null)
(991,Null)
(992,Null)
(993,Null)
(994,Null)
(995,Null)
(996,Null)
(997,Null)
(998,Null)
(999,Null)
(1000,Null)
(1001,Null)
(1002,Null)
(1003,Null)
(1004,Null)
(1005,Null)
(1006,Null)
(1007,Null)
(1008,Null)
(1009,Null)
(1010,Null)
(1011,Null)
(1012,Null)
(1013,Null)
(1014,Null)
(1015,Null)
(1016,Null)
(1017,Null)
(1018,Null)
(1019,Null)
(1020,Null)
(1021,Null)
(1022,Null)
(1023,Null)
(1024,Null)
(1025,Null)
(1026,Null)
(1027,Null)
(1028,Null)
(1029,Null)
(1030,Null)
(1031,Null)
(1032,Null)
(1033,Null)
(1034,Null)
(1035,Null)
(1036,Null)
(1037,Null)
(1038,Null)
(1039,Null)
(1040,Null)
(1041,Null)
(1042,Null)
(1043,Null)
(1044,Null)
(1045,Null)
(1046,Null)
(1047,Null)
(1048,Null)
(1049,Null)
(1050,Null)
(1051,Null)
(1052,Null)
(1053,Null)
(1054,Null)
(1055,Null)
(1056,Null)
(1057,Null)
(1058,Null)
(1059,Null)
(1060,Null)
(1061,Null)
(1062,Null)
(1063,Null)
(1064,Null)
(1065,Null)
(1066,Null)
(1067,Null)
(1068,Null)
(1069,Null)
(1070,Null)
(1071,Null)
(1072,Null)
(1073,Null)
(1074,Null)
(1075,Null)
(1076,Null)
(1077,Null)
(1078,Null)
(1079,Null)
(1080,Null)
(1081,Null)
(1082,Null)
(1083,Null)
(1084,Null)
(1085,Null)
(1086,Null)
(1087,Null)
(1088,Null)
(1089,Null)
(1090,Null)
(1091,Null)
(1092,Null)
(1093,Null)
(1094,Null)
(1095,Null)
(1096,Null)
(1097,Null)
(1098,Null)
(1099,Null)
(1100,Null)
(1101,Null)
(1102,Null)
(1103,Null)
(1104,Null)
(1105,Null)
(1106,Null)
(1107,Null)
(1108,Null)
(1109,Null)
(1110,Null)
(1111,Null)
(1112,Null)
(1113,Null)
(1114,Null)
(1115,Null)
(1116,Null)
(1117,Null)
(1118,Null)
(1119,Null)
(1120,Null)
(1121,Null)
(1122,Null)
(1123,Null)
(1124,Null)
(1125,Null)
(1126,Null)
(1127,Null)
(1128,Null)
(1129,Null)
(1130,Null)
(1131,Null)
(1132,Null)
(1133,Null)
(1134,Null)
(1135,Null)
(1136,Null)
(1137,Null)
(1138,Null)
(1139,Null)
(1140,Null)
(1141,Null)
(1142,Null)
(1143,Null)
(1144,Null)
(1145,Null)
(1146,Null)
(1147,Null)
(1148,Null)
(1149,Null)
(1150,Null)
(1151,Null)
(1152,Null)
(1153,Null)
(1154,Null)
(1155,Null)
(1156,Null)
(1157,Null)
(1158,Null)
(1159,Null)
(1160,Null)
(1161,Null)
(1162,Null)
(1163,Null)
(1164,Null)
(1165,Null)
(1166,Null)
(1167,Null)
(1168,Null)
(1169,Null)
(1170,Null)
(1171,Null)
(1172,Null)
(1173,Null)
(1174,Null)
(1175,Null)
(1176,Null)
(1177,Null)
(1178,Null)
(1179,Null)
(1180,Null)
(1181,Null)
(1182,Null)
(1183,Null)
(1184,Null)
(1185,Null)
(1186,Null)
(1187,Null)
(1188,Null)
(1189,Null)
(1190,Null)
(1191,Null)
(1192,Null)
(1193,Null)
(1194,Null)
(1195,Null)
(1196,Null)
(1197,Null)
(1198,Null)
(1199,Null)
(1200,Null)
(1201,Null)
(1202,Null)
(1203,Null)
(1204,Null)
(1205,Null)
(1206,Null)
(1207,Null)
(1208,Null)
(1209,Null)
(1210,Null)
(1211,Null)
(1212,Null)
(1213,Null)
(1214,Null)
(1215,Null)
(1216,Null)
(1217,Null)
(1218,Null)
(1219,Null)
(1220,Null)
(1221,Null)
(1222,Null)
(1223,Null)
(1224,Null)
(1225,Null)
(1226,Null)
(1227,Null)
(1228,Null)
(1229,Null)
(1230,Null)
(1231,Null)
(1232,Null)
(1233,Null)
(1234,Null)
(1235,Null)
(1236,Null)
(1237,Null)
(1238,Null)
(1239,Null)
(1240,Null)
(1241,Null)
(1242,Null)
(1243,Null)
(1244,Null)
(1245,Null)
(1246,Null)
(1247,Null)
(1248,Null)
(1249,Null)
(1250,Null)
(1251,Null)
(1252,Null)
(1253,Null)
(1254,Null)
(1255,Null)
(1256,Null)
(1257,Null)
(1258,Null)
(1259,Null)
(1260,Null)
(1261,Null)
(1262,Null)
(1263,Null)
(1264,Null)
(1265,Null)
(1266,Null)
(1267,Null)
(1268,Null)
(1269,Null)
(1270,Null)
(1271,Null)
(1272,Null)
(1273,Null)
(1274,Null)
(1275,Null)
(1276,Null)
(1277,Null)
(1278,Null)
(1279,Null)
(1280,Null)
(1281,Null)
(1282,Null)
(1283,Null)
(1284,Null)
(1285,Null)
(1286,Null)
(1287,Null)
(1288,Null)
(1289,Null)
(1290,Null)
(1291,Null)
(1292,Null)
(1293,Null)
(1294,Null)
(1295,Null)
(1296,Null)
(1297,Null)
(1298,Null)
(1299,Null)
(1300,Null)
(1301,Null)
(1302,Null)
(1303,Null)
(1304,Null)
(1305,Null)
(1306,Null)
(1307,Null)
(1308,Null)
(1309,Null)
(1310,Null)
(1311,Null)
(1312,Null)
(1313,Null)
(1314,Null)
(1315,Null)
(1316,Null)
(1317,Null)
(1318,Null)
(1319,Null)
(1320,Null)
(1321,Null)
(1322,Null)
(1323,Null)
(1324,Null)
(1325,Null)
(1326,Null)
(1327,Null)
(1328,Null)
(1329,Null)
(1330,Null)
(1331,Null)
(1332,Null)
(1333,Null)
(1334,Null)
(1335,Null)
(1336,Null)
(1337,Null)
(1338,Null)
(1339,Null)
(1340,Null)
(1341,Null)
(1342,Null)
(1343,Null)
(1344,Null)
(1345,Null)
(1346,Null)
(1347,Null)
(1348,Null)
(1349,Null)
(1350,Null)
(1351,Null)
(1352,Null)
(1353,Null)
(1354,Null)
(1355,Null)
(1356,Null)
(1357,Null)
(1358,Null)
(1359,Null)
(1360,Null)
(1361,Null)
(1362,Null)
(1363,Null)
(1364,Null)
(1365,Null)
(1366,Null)
(1367,Null)
(1368,Null)
(1369,Null)
(1370,Null)
(1371,Null)
(1372,Null)
(1373,Null)
(1374,Null)
(1375,Null)
(1376,Null)
(1377,Null)
(1378,Null)
(1379,Null)
(1380,Null)
(1381,Null)
(1382,Null)
(1383,Null)
(1384,Null)
(1385,Null)
(1386,Null)
(1387,Null)
(1388,Null)
(1389,Null)
(1390,Null)
(1391,Null)
(1392,Null)
(1393,Null)
(1394,Null)
(1395,Null)
(1396,Null)
(1397,Null)
(1398,Null)
(1399,Null)
(1400,Null)
(1401,Null)
(1402,Null)
(1403,Null)
(1404,Null)
(1405,Null)
(1406,Null)
(1407,Null)
(1408,Null)
(1409,Null)
(1410,Null)
(1411,Null)
(1412,Null)
(1413,Null)
(1414,Null)
(1415,Null)
(1416,Null)
(1417,Null)
(1418,Null)
(1419,Null)
(1420,Null)
(1421,Null)
(1422,Null)
(1423,Null)
(1424,Null)
(1425,Null)
(1426,Null)
(1427,Null)
(1428,Null)
(1429,Null)
(1430,Null)
(1431,Null)
(1432,Null)
(1433,Null)
(1434,Null)
(1435,Null)
(1436,Null)
(1437,Null)
(1438,Null)
(1439,Null)
(1440,Null)
(1441,Null)
(1442,Null)
(1443,Null)
(1444,Null)
(1445,Null)
(1446,Null)
(1447,Null)
(1448,Null)
(1449,Null)
(1450,Null)
(1451,Null)
(1452,Null)
(1453,Null)
(1454,Null)
(1455,Null)
(1456,Null)
(1457,Null)
(1458,Null)
(1459,Null)
(1460,Null)
(1461,Null)
(1462,Null)
(1463,Null)
(1464,Null)
(1465,Null)
(1466,Null)
(1467,Null)
(1468,Null)
(1469,Null)
(1470,Null)
(1471,Null)
(1472,Null)
(1473,Null)
(1474,Null)
(1475,Null)
(1476,Null)
(1477,Null)
(1478,Null)
(1479,Null)
(1480,Null)
(1481,Null)
(1482,Null)
(1483,Null)
(1484,Null)
(1485,Null)
(1486,Null)
(1487,Null)
(1488,Null)
(1489,Null)
(1490,Null)
(1491,Null)
(1492,Null)
(1493,Null)
(1494,Null)
(1495,Null)
(1496,Null)
(1497,Null)
(1498,Null)
(1499,Null)
(1500,Null)
(1501,Null)
(1502,Null)
(1503,Null)
(1504,Null)
(1505,Null)
(1506,Null)
(1507,Null)
(1508,Null)
(1509,Null)
(1510,Null)
(1511,Null)
(1512,Null)
(1513,Null)
(1514,Null)
(1515,Null)
(1516,Null)
(1517,Null)
(1518,Null)
(1519,Null)
(1520,Null)
(1521,Null)
(1522,Null)
(1523,Null)
(1524,Null)
(1525,Null)
(1526,Null)
(1527,Null)
(1528,Null)
(1529,Null)
(1530,Null)
(1531,Null)
(1532,Null)
(1533,Null)
(1534,Null)
(1535,Null)
(1536,Null)
(1537,Null)
(1538,Null)
(1539,Null)
(1540,Null)
(1541,Null)
(1542,Null)
(1543,Null)
(1544,Null)
(1545,Null)
(1546,Null)
(1547,Null)
(1548,Null)
(1549,Null)
(1550,Null)
(1551,Null)
(1552,Null)
(1553,Null)
(1554,Null)
(1555,Null)
(1556,Null)
(1557,Null)
(1558,Null)
(1559,Null)
(1560,Null)
(1561,Null)
(1562,Null)
(1563,Null)
(1564,Null)
(1565,Null)
(1566,Null)
(1567,Null)
(1568,Null)
(1569,Null)
(1570,Null)
(1571,Null)
(1572,Null)
(1573,Null)
(1574,Null)
(1575,Null)
(1576,Null)
(1577,Null)
(1578,Null)
(1579,Null)
(1580,Null)
(1581,Null)
(1582,Null)
(1583,Null)
(1584,Null)
(1585,Null)
(1586,Null)
(1587,Null)
(1588,Null)
(1589,Null)
(1590,Null)
(1591,Null)
(1592,Null)
(1593,Null)
(1594,Null)
(1595,Null)
(1596,Null)
(1597,Null)
(1598,Null)
(1599,Null)
(1600,Null)
(1601,Null)
(1602,Null)
(1603,Null)
(1604,Null)
(1605,Null)
(1606,Null)
(1607,Null)
(1608,Null)
(1609,Null)
(1610,Null)
(1611,Null)
(1612,Null)
(1613,Null)
(1614,Null)
(1615,Null)
(1616,Null)
(1617,Null)
(1618,Null)
(1619,Null)
(1620,Null)
(1621,Null)
(1622,Null)
(1623,Null)
(1624,Null)
(1625,Null)
(1626,Null)
(1627,Null)
(1628,Null)
(1629,Null)
(1630,Null)
(1631,Null)
(1632,Null)
(1633,Null)
(1634,Null)
(1635,Null)
(1636,Null)
(1637,Null)
(1638,Null)
(1639,Null)
(1640,Null)
(1641,Null)
(1642,Null)
(1643,Null)
(1644,Null)
(1645,Null)
(1646,Null)
(1647,Null)
(1648,Null)
(1649,Null)
(1650,Null)
(1651,Null)
(1652,Null)
(1653,Null)
(1654,Null)
(1655,Null)
(1656,Null)
(1657,Null)
(1658,Null)
(1659,Null)
(1660,Null)
(1661,Null)
(1662,Null)
(1663,Null)
(1664,Null)
(1665,Null)
(1666,Null)
(1667,Null)
(1668,Null)
(1669,Null)
(1670,Null)
(1671,Null)
(1672,Null)
(1673,Null)
(1674,Null)
(1675,Null)
(1676,Null)
(1677,Null)
(1678,Null)
(1679,Null)
(1680,Null)
(1681,Null)
(1682,Null)
(1683,Null)
(1684,Null)
(1685,Null)
(1686,Null)
(1687,Null)
(1688,Null)
(1689,Null)
(1690,Null)
(1691,Null)
(1692,Null)
(1693,Null)
(1694,Null)
(1695,Null)
(1696,Null)
(1697,Null)
(1698,Null)
(1699,Null)
(1700,Null)
(1701,Null)
(1702,Null)
(1703,Null)
(1704,Null)
(1705,Null)
(1706,Null)
(1707,Null)
(1708,Null)
(1709,Null)
(1710,Null)
(1711,Null)
(1712,Null)
(1713,Null)
(1714,Null)
(1715,Null)
(1716,Null)
(1717,Null)
(1718,Null)
(1719,Null)
(1720,Null)
(1721,Null)
(1722,Null)
(1723,Null)
(1724,Null)
(1725,Null)
(1726,Null)
(1727,Null)
(1728,Null)
(1729,Null)
(1730,Null)
(1731,Null)
(1732,Null)
(1733,Null)
(1734,Null)
(1735,Null)
(1736,Null)
(1737,Null)
(1738,Null)
(1739,Null)
(1740,Null)
(1741,Null)
(1742,Null)
(1743,Null)
(1744,Null)
(1745,Null)
(1746,Null)
(1747,Null)
(1748,Null)
(1749,Null)
(1750,Null)
(1751,Null)
(1752,Null)
(1753,Null)
(1754,Null)
(1755,Null)
(1756,Null)
(1757,Null)
(1758,Null)
(1759,Null)
(1760,Null)
(1761,Null)
(1762,Null)
(1763,Null)
(1764,Null)
(1765,Null)
(1766,Null)
(1767,Null)
(1768,Null)
(1769,Null)
(1770,Null)
(1771,Null)
(1772,Null)
(1773,Null)
(1774,Null)
(1775,Null)
(1776,Null)
(1777,Null)
(1778,Null)
(1779,Null)
(1780,Null)
(1781,Null)
(1782,Null)
(1783,Null)
(1784,Null)
(1785,Null)
(1786,Null)
(1787,Null)
(1788,Null)
(1789,Null)
(1790,Null)
(1791,Null)
(1792,Null)
(1793,Null)
(1794,Null)
(1795,Null)
(1796,Null)
(1797,Null)
(1798,Null)
(1799,Null)
(1800,Null)
(1801,Null)
(1802,Null)
(1803,Null)
(1804,Null)
(1805,Null)
(1806,Null)
(1807,Null)
(1808,Null)
(1809,Null)
(1810,Null)
(1811,Null)
(1812,Null)
(1813,Null)
(1814,Null)
(1815,Null)
(1816,Null)
(1817,Null)
(1818,Null)
(1819,Null)
(1820,Null)
(1821,Null)
(1822,Null)
(1823,Null)
(1824,Null)
(1825,Null)
(1826,Null)
(1827,Null)
(1828,Null)
(1829,Null)
(1830,Null)
(1831,Null)
(1832,Null)
(1833,Null)
(1834,Null)
(1835,Null)
(1836,Null)
(1837,Null)
(1838,Null)
(1839,Null)
(1840,Null)
(1841,Null)
(1842,Null)
(1843,Null)
(1844,Null)
(1845,Null)
(1846,Null)
(1847,Null)
(1848,Null)
(1849,Null)
(1850,Null)
(1851,Null)
(1852,Null)
(1853,Null)
(1854,Null)
(1855,Null)
(1856,Null)
(1857,Null)
(1858,Null)
(1859,Null)
(1860,Null)
(1861,Null)
(1862,Null)
(1863,Null)
(1864,Null)
(1865,Null)
(1866,Null)
(1867,Null)
(1868,Null)
(1869,Null)
(1870,Null)
(1871,Null)
(1872,Null)
(1873,Null)
(1874,Null)
(1875,Null)
(1876,Null)
(1877,Null)
(1878,Null)
(1879,Null)
(1880,Null)
(1881,Null)
(1882,Null)
(1883,Null)
(1884,Null)
(1885,Null)
(1886,Null)
(1887,Null)
(1888,Null)
(1889,Null)
(1890,Null)
(1891,Null)
(1892,Null)
(1893,Null)
(1894,Null)
(1895,Null)
(1896,Null)
(1897,Null)
(1898,Null)
(1899,Null)
(1900,Null)
(1901,Null)
(1902,Null)
(1903,Null)
(1904,Null)
(1905,Null)
(1906,Null)
(1907,Null)
(1908,Null)
(1909,Null)
(1910,Null)
(1911,Null)
(1912,Null)
(1913,Null)
(1914,Null)
(1915,Null)
(1916,Null)
(1917,Null)
(1918,Null)
(1919,Null)
(1920,Null)
(1921,Null)
(1922,Null)
(1923,Null)
(1924,Null)
(1925,Null)
(1926,Null)
(1927,Null)
(1928,Null)
(1929,Null)
(1930,Null)
(1931,Null)
(1932,Null)
(1933,Null)
(1934,Null)
(1935,Null)
(1936,Null)
(1937,Null)
(1938,Null)
(1939,Null)
(1940,Null)
(1941,Null)
(1942,Null)
(1943,Null)
(1944,Null)
(1945,Null)
(1946,Null)
(1947,Null)
(1948,Null)
(1949,Null)
(1950,Null)
(1951,Null)
(1952,Null)
(1953,Null)
(1954,Null)
(1955,Null)
(1956,Null)
(1957,Null)
(1958,Null)
(1959,Null)
(1960,Null)
(1961,Null)
(1962,Null)
(1963,Null)
(1964,Null)
(1965,Null)
(1966,Null)
(1967,Null)
(1968,Null)
(1969,Null)
(1970,Null)
(1971,Null)
(1972,Null)
(1973,Null)
(1974,Null)
(1975,Null)
(1976,Null)
(1977,Null)
(1978,Null)
(1979,Null)
(1980,Null)
(1981,Null)
(1982,Null)
(1983,Null)
(1984,Null)
(1985,Null)
(1986,Null)
(1987,Null)
(1988,Null)
(1989,Null)
(1990,Null)
(1991,Null)
(1992,Null)
(1993,Null)
(1994,Null)
(1995,Null)
(1996,Null)
(1997,Null)
(1998,Null)
(1999,Null)
(2000,Null)
(2001,Null)
(2002,Null)
(2003,Null)
(2004,Null)
(2005,Null)
(2006,Null)
(2007,Null)
(2008,Null)
(2009,Null)
(2010,Null)
(2011,Null)
(2012,Null)
(2013,Null)
(2014,Null)
(2015,Null)
(2016,Null)
(2017,Null)
(2018,Null)
(2019,Null)
(2020,Null)
(2021,Null)
(2022,Null)
(2023,Null)
(2024,Null)
(2025,Null)
(2026,Null)
(2027,Null)
(2028,Null)
(2029,Null)
(2030,Null)
(2031,Null)
(2032,Null)
(2033,Null)
(2034,Null)
(2035,Null)
(2036,Null)
(2037,Null)
(2038,Null)
(2039,Null)
(2040,Null)
(2041,Null)
(2042,Null)
(2043,Null)
(2044,Null)
(2045,Null)
(2046,Null)
(2047,Null)
(2048,Null)
(2049,Null)
(2050,Null)
(2051,Null)
(2052,Null)
(2053,Null)
(2054,Null)
(2055,Null)
(2056,Null)
(2057,Null)
(2058,Null)
(2059,Null)
(2060,Null)
(2061,Null)
(2062,Null)
(2063,Null)
(2064,Null)
(2065,Null)
(2066,Null)
(2067,Null)
(2068,Null)
(2069,Null)
(2070,Null)
(2071,Null)
(2072,Null)
(2073,Null)
(2074,Null)
(2075,Null)
(2076,Null)
(2077,Null)
(2078,Null)
(2079,Null)
(2080,Null)
(2081,Null)
(2082,Null)
(2083,Null)
(2084,Null)
(2085,Null)
(2086,Null)
(2087,Null)
(2088,Null)
(2089,Null)
(2090,Null)
(2091,Null)
(2092,Null)
(2093,Null)
(2094,Null)
(2095,Null)
(2096,Null)
(2097,Null)
(2098,Null)
(2099,Null)
(2100,Null)
(2101,Null)
(2102,Null)
(2103,Null)
(2104,Null)
(2105,Null)
(2106,Null)
(2107,Null)
(2108,Null)
(2109,Null)
(2110,Null)
(2111,Null)
(2112,Null)
(2113,Null)
(2114,Null)
(2115,Null)
(2116,Null)
(2117,Null)
(2118,Null)
(2119,Null)
(2120,Null)
(2121,Null)
(2122,Null)
(2123,Null)
(2124,Null)
(2125,Null)
(2126,Null)
(2127,Null)
(2128,Null)
(2129,Null)
(2130,Null)
(2131,Null)
(2132,Null)
(2133,Null)
(2134,Null)
(2135,Null)
(2136,Null)
(2137,Null)
(2138,Null)
(2139,Null)
(2140,Null)
(2141,Null)
(2142,Null)
(2143,Null)
(2144,Null)
(2145,Null)
(2146,Null)
(2147,Null)
(2148,Null)
(2149,Null)
(2150,Null)
(2151,Null)
(2152,Null)
(2153,Null)
(2154,Null)
(2155,Null)
(2156,Null)
(2157,Null)
(2158,Null)
(2159,Null)
(2160,Null)
(2161,Null)
(2162,Null)
(2163,Null)
(2164,Null)
(2165,Null)
(2166,Null)
(2167,Null)
(2168,Null)
(2169,Null)
(2170,Null)
(2171,Null)
(2172,Null)
(2173,Null)
(2174,Null)
(2175,Null)
(2176,Null)
(2177,Null)
(2178,Null)
(2179,Null)
(2180,Null)
(2181,Null)
(2182,Null)
(2183,Null)
(2184,Null)
(2185,Null)
(2186,Null)
(2187,Null)
(2188,Null)
(2189,Null)
(2190,Null)
(2191,Null)
(2192,Null)
(2193,Null)
(2194,Null)
(2195,Null)
(2196,Null)
(2197,Null)
(2198,Null)
(2199,Null)
(2200,Null)
(2201,Null)
(2202,Null)
(2203,Null)
(2204,Null)
(2205,Null)
(2206,Null)
(2207,Null)
(2208,Null)
(2209,Null)
(2210,Null)
(2211,Null)
(2212,Null)
(2213,Null)
(2214,Null)
(2215,Null)
(2216,Null)
(2217,Null)
(2218,Null)
(2219,Null)
(2220,Null)
(2221,Null)
(2222,Null)
(2223,Null)
(2224,Null)
(2225,Null)
(2226,Null)
(2227,Null)
(2228,Null)
(2229,Null)
(2230,Null)
(2231,Null)
(2232,Null)
(2233,Null)
(2234,Null)
(2235,Null)
(2236,Null)
(2237,Null)
(2238,Null)
(2239,Null)
(2240,Null)
(2241,Null)
(2242,Null)
(2243,Null)
(2244,Null)
(2245,Null)
(2246,Null)
(2247,Null)
(2248,Null)
(2249,Null)
(2250,Null)
(2251,Null)
(2252,Null)
(2253,Null)
(2254,Null)
(2255,Null)
(2256,Null)
(2257,Null)
(2258,Null)
(2259,Null)
(2260,Null)
(2261,Null)
(2262,Null)
(2263,Null)
(2264,Null)
(2265,Null)
(2266,Null)
(2267,Null)
(2268,Null)
(2269,Null)
(2270,Null)
(2271,Null)
(2272,Null)
(2273,Null)
(2274,Null)
(2275,Null)
(2276,Null)
(2277,Null)
(2278,Null)
(2279,Null)
(2280,Null)
(2281,Null)
(2282,Null)
(2283,Null)
(2284,Null)
(2285,Null)
(2286,Null)
(2287,Null)
(2288,Null)
(2289,Null)
(2290,Null)
(2291,Null)
(2292,Null)
(2293,Null)
(2294,Null)
(2295,Null)
(2296,Null)
(2297,Null)
(2298,Null)
(2299,Null)
(2300,Null)
(2301,Null)
(2302,Null)
(2303,Null)
(2304,Null)
(2305,Null)
(2306,Null)
(2307,Null)
(2308,Null)
(2309,Null)
(2310,Null)
(2311,Null)
(2312,Null)
(2313,Null)
(2314,Null)
(2315,Null)
(2316,Null)
(2317,Null)
(2318,Null)
(2319,Null)
(2320,Null)
(2321,Null)
(2322,Null)
(2323,Null)
(2324,Null)
(2325,Null)
(2326,Null)
(2327,Null)
(2328,Null)
(2329,Null)
(2330,Null)
(2331,Null)
(2332,Null)
(2333,Null)
(2334,Null)
(2335,Null)
(2336,Null)
(2337,Null)
(2338,Null)
(2339,Null)
(2340,Null)
(2341,Null)
(2342,Null)
(2343,Null)
(2344,Null)
(2345,Null)
(2346,Null)
(2347,Null)
(2348,Null)
(2349,Null)
(2350,Null)
(2351,Null)
(2352,Null)
(2353,Null)
(2354,Null)
(2355,Null)
(2356,Null)
(2357,Null)
(2358,Null)
(2359,Null)
(2360,Null)
(2361,Null)
(2362,Null)
(2363,Null)
(2364,Null)
(2365,Null)
(2366,Null)
(2367,Null)
(2368,Null)
(2369,Null)
(2370,Null)
(2371,Null)
(2372,Null)
(2373,Null)
(2374,Null)
(2375,Null)
(2376,Null)
(2377,Null)
(2378,Null)
(2379,Null)
(2380,Null)
(2381,Null)
(2382,Null)
(2383,Null)
(2384,Null)
(2385,Null)
(2386,Null)
(2387,Null)
(2388,Null)
(2389,Null)
(2390,Null)
(2391,Null)
(2392,Null)
(2393,Null)
(2394,Null)
(2395,Null)
(2396,Null)
(2397,Null)
(2398,Null)
(2399,Null)
(2400,Null)
(2401,Null)
(2402,Null)
(2403,Null)
(2404,Null)
(2405,Null)
(2406,Null)
(2407,Null)
(2408,Null)
(2409,Null)
(2410,Null)
(2411,Null)
(2412,Null)
(2413,Null)
(2414,Null)
(2415,Null)
(2416,Null)
(2417,Null)
(2418,Null)
(2419,Null)
(2420,Null)
(2421,Null)
(2422,Null)
(2423,Null)
(2424,Null)
(2425,Null)
(2426,Null)
(2427,Null)
(2428,Null)
(2429,Null)
(2430,Null)
(2431,Null)
(2432,Null)
(2433,Null)
(2434,Null)
(2435,Null)
(2436,Null)
(2437,Null)
(2438,Null)
(2439,Null)
(2440,Null)
(2441,Null)
(2442,Null)
(2443,Null)
(2444,Null)
(2445,Null)
(2446,Null)
(2447,Null)
(2448,Null)
(2449,Null)
(2450,Null)
(2451,Null)
(2452,Null)
(2453,Null)
(2454,Null)
(2455,Null)
(2456,Null)
(2457,Null)
(2458,Null)
(2459,Null)
(2460,Null)
(2461,Null)
(2462,Null)
(2463,Null)
(2464,Null)
(2465,Null)
(2466,Null)
(2467,Null)
(2468,Null)
(2469,Null)
(2470,Null)
(2471,Null)
(2472,Null)
(2473,Null)
(2474,Null)
(2475,Null)
(2476,Null)
(2477,Null)
(2478,Null)
(2479,Null)
(2480,Null)
(2481,Null)
(2482,Null)
(2483,Null)
(2484,Null)
(2485,Null)
(2486,Null)
(2487,Null)
(2488,Null)
(2489,Null)
(2490,Null)
(2491,Null)
(2492,Null)
(2493,Null)
(2494,Null)
(2495,Null)
(2496,Null)
(2497,Null)
(2498,Null)
(2499,Null)
(2500,Null)
(2501,Null)
(2502,Null)
(2503,Null)
(2504,Null)
(2505,Null)
(2506,Null)
(2507,Null)
(2508,Null)
(2509,Null)
(2510,Null)
(2511,Null)
(2512,Null)
(2513,Null)
(2514,Null)
(2515,Null)
(2516,Null)
(2517,Null)
(2518,Null)
(2519,Null)
(2520,Null)
(2521,Null)
(2522,Null)
(2523,Null)
(2524,Null)
(2525,Null)
(2526,Null)
(2527,Null)
(2528,Null)
(2529,Null)
(2530,Null)
(2531,Null)
(2532,Null)
(2533,Null)
(2534,Null)
(2535,Null)
(2536,Null)
(2537,Null)
(2538,Null)
(2539,Null)
(2540,Null)
(2541,Null)
(2542,Null)
(2543,Null)
(2544,Null)
(2545,Null)
(2546,Null)
(2547,Null)
(2548,Null)
(2549,Null)
(2550,Null)
(2551,Null)
(2552,Null)
(2553,Null)
(2554,Null)
(2555,Null)
(2556,Null)
(2557,Null)
(2558,Null)
(2559,Null)
(2560,Null)
(2561,Null)
(2562,Null)
(2563,Null)
(2564,Null)
(2565,Null)
(2566,Null)
(2567,Null)
(2568,Null)
(2569,Null)
(2570,Null)
(2571,Null)
(2572,Null)
(2573,Null)
(2574,Null)
(2575,Null)
(2576,Null)
(2577,Null)
(2578,Null)
(2579,Null)
(2580,Null)
(2581,Null)
(2582,Null)
(2583,Null)
(2584,Null)
(2585,Null)
(2586,Null)
(2587,Null)
(2588,Null)
(2589,Null)
(2590,Null)
(2591,Null)
(2592,Null)
(2593,Null)
(2594,Null)
(2595,Null)
(2596,Null)
(2597,Null)
(2598,Null)
(2599,Null)
(2600,Null)
(2601,Null)
(2602,Null)
(2603,Null)
(2604,Null)
(2605,Null)
(2606,Null)
(2607,Null)
(2608,Null)
(2609,Null)
(2610,Null)
(2611,Null)
(2612,Null)
(2613,Null)
(2614,Null)
(2615,Null)
(2616,Null)
(2617,Null)
(2618,Null)
(2619,Null)
(2620,Null)
(2621,Null)
(2622,Null)
(2623,Null)
(2624,Null)
(2625,Null)
(2626,Null)
(2627,Null)
(2628,Null)
(2629,Null)
(2630,Null)
(2631,Null)
(2632,Null)
(2633,Null)
(2634,Null)
(2635,Null)
(2636,Null)
(2637,Null)
(2638,Null)
(2639,Null)
(2640,Null)
(2641,Null)
(2642,Null)
(2643,Null)
(2644,Null)
(2645,Null)
(2646,Null)
(2647,Null)
(2648,Null)
(2649,Null)
(2650,Null)
(2651,Null)
(2652,Null)
(2653,Null)
(2654,Null)
(2655,Null)
(2656,Null)
(2657,Null)
(2658,Null)
(2659,Null)
(2660,Null)
(2661,Null)
(2662,Null)
(2663,Null)
(2664,Null)
(2665,Null)
(2666,Null)
(2667,Null)
(2668,Null)
(2669,Null)
(2670,Null)
(2671,Null)
(2672,Null)
(2673,Null)
(2674,Null)
(2675,Null)
(2676,Null)
(2677,Null)
(2678,Null)
(2679,Null)
(2680,Null)
(2681,Null)
(2682,Null)
(2683,Null)
(2684,Null)
(2685,Null)
(2686,Null)
(2687,Null)
(2688,Null)
(2689,Null)
(2690,Null)
(2691,Null)
(2692,Null)
(2693,Null)
(2694,Null)
(2695,Null)
(2696,Null)
(2697,Null)
(2698,Null)
(2699,Null)
(2700,Null)
(2701,Null)
(2702,Null)
(2703,Null)
(2704,Null)
(2705,Null)
(2706,Null)
(2707,Null)
(2708,Null)
(2709,Null)
(2710,Null)
(2711,Null)
(2712,Null)
(2713,Null)
(2714,Null)
(2715,Null)
(2716,Null)
(2717,Null)
(2718,Null)
(2719,Null)
(2720,Null)
(2721,Null)
(2722,Null)
(2723,Null)
(2724,Null)
(2725,Null)
(2726,Null)
(2727,Null)
(2728,Null)
(2729,Null)
(2730,Null)
(2731,Null)
(2732,Null)
(2733,Null)
(2734,Null)
(2735,Null)
(2736,Null)
(2737,Null)
(2738,Null)
(2739,Null)
(2740,Null)
(2741,Null)
(2742,Null)
(2743,Null)
(2744,Null)
(2745,Null)
(2746,Null)
(2747,Null)
(2748,Null)
(2749,Null)
(2750,Null)
(2751,Null)
(2752,Null)
(2753,Null)
(2754,Null)
(2755,Null)
(2756,Null)
(2757,Null)
(2758,Null)
(2759,Null)
(2760,Null)
(2761,Null)
(2762,Null)
(2763,Null)
(2764,Null)
(2765,Null)
(2766,Null)
(2767,Null)
(2768,Null)
(2769,Null)
(2770,Null)
(2771,Null)
(2772,Null)
(2773,Null)
(2774,Null)
(2775,Null)
(2776,Null)
(2777,Null)
(2778,Null)
(2779,Null)
(2780,Null)
(2781,Null)
(2782,Null)
(2783,Null)
(2784,Null)
(2785,Null)
(2786,Null)
(2787,Null)
(2788,Null)
(2789,Null)
(2790,Null)
(2791,Null)
(2792,Null)
(2793,Null)
(2794,Null)
(2795,Null)
(2796,Null)
(2797,Null)
(2798,Null)
(2799,Null)
(2800,Null)
(2801,Null)
(2802,Null)
(2803,Null)
(2804,Null)
(2805,Null)
(2806,Null)
(2807,Null)
(2808,Null)
(2809,Null)
(2810,Null)
(2811,Null)
(2812,Null)
(2813,Null)
(2814,Null)
(2815,Null)
(2816,Null)
(2817,Null)
(2818,Null)
(2819,Null)
(2820,Null)
(2821,Null)
(2822,Null)
(2823,Null)
(2824,Null)
(2825,Null)
(2826,Null)
(2827,Null)
(2828,Null)
(2829,Null)
(2830,Null)
(2831,Null)
(2832,Null)
(2833,Null)
(2834,Null)
(2835,Null)
(2836,Null)
(2837,Null)
(2838,Null)
(2839,Null)
(2840,Null)
(2841,Null)
(2842,Null)
(2843,Null)
(2844,Null)
(2845,Null)
(2846,Null)
(2847,Null)
(2848,Null)
(2849,Null)
(2850,Null)
(2851,Null)
(2852,Null)
(2853,Null)
(2854,Null)
(2855,Null)
(2856,Null)
(2857,Null)
(2858,Null)
(2859,Null)
(2860,Null)
(2861,Null)
(2862,Null)
(2863,Null)
(2864,Null)
(2865,Null)
(2866,Null)
(2867,Null)
(2868,Null)
(2869,Null)
(2870,Null)
(2871,Null)
(2872,Null)
(2873,Null)
(2874,Null)
(2875,Null)
(2876,Null)
(2877,Null)
(2878,Null)
(2879,Null)
(2880,Null)
(2881,Null)
(2882,Null)
(2883,Null)
(2884,Null)
(2885,Null)
(2886,Null)
(2887,Null)
(2888,Null)
(2889,Null)
(2890,Null)
(2891,Null)
(2892,Null)
(2893,Null)
(2894,Null)
(2895,Null)
(2896,Null)
(2897,Null)
(2898,Null)
(2899,Null)
(2900,Null)
(2901,Null)
(2902,Null)
(2903,Null)
(2904,Null)
(2905,Null)
(2906,Null)
(2907,Null)
(2908,Null)
(2909,Null)
(2910,Null)
(2911,Null)
(2912,Null)
(2913,Null)
(2914,Null)
(2915,Null)
(2916,Null)
(2917,Null)
(2918,Null)
(2919,Null)
(2920,Null)
(2921,Null)
(2922,Null)
(2923,Null)
(2924,Null)
(2925,Null)
(2926,Null)
(2927,Null)
(2928,Null)
(2929,Null)
(2930,Null)
(2931,Null)
(2932,Null)
(2933,Null)
(2934,Null)
(2935,Null)
(2936,Null)
(2937,Null)
(2938,Null)
(2939,Null)
(2940,Null)
(2941,Null)
(2942,Null)
(2943,Null)
(2944,Null)
(2945,Null)
(2946,Null)
(2947,Null)
(2948,Null)
(2949,Null)
(2950,Null)
(2951,Null)
(2952,Null)
(2953,Null)
(2954,Null)
(2955,Null)
(2956,Null)
(2957,Null)
(2958,Null)
(2959,Null)
(2960,Null)
(2961,Null)
(2962,Null)
(2963,Null)
(2964,Null)
(2965,Null)
(2966,Null)
(2967,Null)
(2968,Null)
(2969,Null)
(2970,Null)
(2971,Null)
(2972,Null)
(2973,Null)
(2974,Null)
(2975,Null)
(2976,Null)
(2977,Null)
(2978,Null)
(2979,Null)
(2980,Null)
(2981,Null)
(2982,Null)
(2983,Null)
(2984,Null)
(2985,Null)
(2986,Null)
(2987,Null)
(2988,Null)
(2989,Null)
(2990,Null)
(2991,Null)
(2992,Null)
(2993,Null)
(2994,Null)
(2995,Null)
(2996,Null)
(2997,Null)
(2998,Null)
(2999,Null)
(3000,Null)
(3001,Null)
(3002,Null)
(3003,Null)
(3004,Null)
(3005,Null)
(3006,Null)
(3007,Null)
(3008,Null)
(3009,Null)
(3010,Null)
(3011,Null)
(3012,Null)
(3013,Null)
(3014,Null)
(3015,Null)
(3016,Null)
(3017,Null)
(3018,Null)
(3019,Null)
(3020,Null)
(3021,Null)
(3022,Null)
(3023,Null)
(3024,Null)
(3025,Null)
(3026,Null)
(3027,Null)
(3028,Null)
(3029,Null)
(3030,Null)
(3031,Null)
(3032,Null)
(3033,Null)
(3034,Null)
(3035,Null)
(3036,Null)
(3037,Null)
(3038,Null)
(3039,Null)
(3040,Null)
(3041,Null)
(3042,Null)
(3043,Null)
(3044,Null)
(3045,Null)
(3046,Null)
(3047,Null)
(3048,Null)
(3049,Null)
(3050,Null)
(3051,Null)
(3052,Null)
(3053,Null)
(3054,Null)
(3055,Null)
(3056,Null)
(3057,Null)
(3058,Null)
(3059,Null)
(3060,Null)
(3061,Null)
(3062,Null)
(3063,Null)
(3064,Null)
(3065,Null)
(3066,Null)
(3067,Null)
(3068,Null)
(3069,Null)
(3070,Null)
(3071,Null)
(3072,Null)
(3073,Null)
(3074,Null)
(3075,Null)
(3076,Null)
(3077,Null)
(3078,Null)
(3079,Null)
(3080,Null)
(3081,Null)
(3082,Null)
(3083,Null)
(3084,Null)
(3085,Null)
(3086,Null)
(3087,Null)
(3088,Null)
(3089,Null)
(3090,Null)
(3091,Null)
(3092,Null)
(3093,Null)
(3094,Null)
(3095,Null)
(3096,Null)
(3097,Null)
(3098,Null)
(3099,Null)
(3100,Null)
(3101,Null)
(3102,Null)
(3103,Null)
(3104,Null)
(3105,Null)
(3106,Null)
(3107,Null)
(3108,Null)
(3109,Null)
(3110,Null)
(3111,Null)
(3112,Null)
(3113,Null)
(3114,Null)
(3115,Null)
(3116,Null)
(3117,Null)
(3118,Null)
(3119,Null)
(3120,Null)
(3121,Null)
(3122,Null)
(3123,Null)
(3124,Null)
(3125,Null)
(3126,Null)
(3127,Null)
(3128,Null)
(3129,Null)
(3130,Null)
(3131,Null)
(3132,Null)
(3133,Null)
(3134,Null)
(3135,Null)
(3136,Null)
(3137,Null)
(3138,Null)
(3139,Null)
(3140,Null)
(3141,Null)
(3142,Null)
(3143,Null)
(3144,Null)
(3145,Null)
(3146,Null)
(3147,Null)
(3148,Null)
(3149,Null)
(3150,Null)
(3151,Null)
(3152,Null)
(3153,Null)
(3154,Null)
(3155,Null)
(3156,Null)
(3157,Null)
(3158,Null)
(3159,Null)
(3160,Null)
(3161,Null)
(3162,Null)
(3163,Null)
(3164,Null)
(3165,Null)
(3166,Null)
(3167,Null)
(3168,Null)
(3169,Null)
(3170,Null)
(3171,Null)
(3172,Null)
(3173,Null)
(3174,Null)
(3175,Null)
(3176,Null)
(3177,Null)
(3178,Null)
(3179,Null)
(3180,Null)
(3181,Null)
(3182,Null)
(3183,Null)
(3184,Null)
(3185,Null)
(3186,Null)
(3187,Null)
(3188,Null)
(3189,Null)
(3190,Null)
(3191,Null)
(3192,Null)
(3193,Null)
(3194,Null)
(3195,Null)
(3196,Null)
(3197,Null)
(3198,Null)
(3199,Null)
(3200,Null)
(3201,Null)
(3202,Null)
(3203,Null)
(3204,Null)
(3205,Null)
(3206,Null)
(3207,Null)
(3208,Null)
(3209,Null)
(3210,Null)
(3211,Null)
(3212,Null)
(3213,Null)
(3214,Null)
(3215,Null)
(3216,Null)
(3217,Null)
(3218,Null)
(3219,Null)
(3220,Null)
(3221,Null)
(3222,Null)
(3223,Null)
(3224,Null)
(3225,Null)
(3226,Null)
(3227,Null)
(3228,Null)
(3229,Null)
(3230,Null)
(3231,Null)
(3232,Null)
(3233,Null)
(3234,Null)
(3235,Null)
(3236,Null)
(3237,Null)
(3238,Null)
(3239,Null)
(3240,Null)
(3241,Null)
(3242,Null)
(3243,Null)
(3244,Null)
(3245,Null)
(3246,Null)
(3247,Null)
(3248,Null)
(3249,Null)
(3250,Null)
(3251,Null)
(3252,Null)
(3253,Null)
(3254,Null)
(3255,Null)
(3256,Null)
(3257,Null)
(3258,Null)
(3259,Null)
(3260,Null)
(3261,Null)
(3262,Null)
(3263,Null)
(3264,Null)
(3265,Null)
(3266,Null)
(3267,Null)
(3268,Null)
(3269,Null)
(3270,Null)
(3271,Null)
(3272,Null)
(3273,Null)
(3274,Null)
(3275,Null)
(3276,Null)
(3277,Null)
(3278,Null)
(3279,Null)
(3280,Null)
(3281,Null)
(3282,Null)
(3283,Null)
(3284,Null)
(3285,Null)
(3286,Null)
(3287,Null)
(3288,Null)
(3289,Null)
(3290,Null)
(3291,Null)
(3292,Null)
(3293,Null)
(3294,Null)
(3295,Null)
(3296,Null)
(3297,Null)
(3298,Null)
(3299,Null)
(3300,Null)
(3301,Null)
(3302,Null)
(3303,Null)
(3304,Null)
(3305,Null)
(3306,Null)
(3307,Null)
(3308,Null)
(3309,Null)
(3310,Null)
(3311,Null)
(3312,Null)
(3313,Null)
(3314,Null)
(3315,Null)
(3316,Null)
(3317,Null)
(3318,Null)
(3319,Null)
(3320,Null)
(3321,Null)
(3322,Null)
(3323,Null)
(3324,Null)
(3325,Null)
(3326,Null)
(3327,Null)
(3328,Null)
(3329,Null)
(3330,Null)
(3331,Null)
(3332,Null)
(3333,Null)
(3334,Null)
(3335,Null)
(3336,Null)
(3337,Null)
(3338,Null)
(3339,Null)
(3340,Null)
(3341,Null)
(3342,Null)
(3343,Null)
(3344,Null)
(3345,Null)
(3346,Null)
(3347,Null)
(3348,Null)
(3349,Null)
(3350,Null)
(3351,Null)
(3352,Null)
(3353,Null)
(3354,Null)
(3355,Null)
(3356,Null)
(3357,Null)
(3358,Null)
(3359,Null)
(3360,Null)
(3361,Null)
(3362,Null)
(3363,Null)
(3364,Null)
(3365,Null)
(3366,Null)
(3367,Null)
(3368,Null)
(3369,Null)
(3370,Null)
(3371,Null)
(3372,Null)
(3373,Null)
(3374,Null)
(3375,Null)
(3376,Null)
(3377,Null)
(3378,Null)
(3379,Null)
(3380,Null)
(3381,Null)
(3382,Null)
(3383,Null)
(3384,Null)
(3385,Null)
(3386,Null)
(3387,Null)
(3388,Null)
(3389,Null)
(3390,Null)
(3391,Null)
(3392,Null)
(3393,Null)
(3394,Null)
(3395,Null)
(3396,Null)
(3397,Null)
(3398,Null)
(3399,Null)
(3400,Null)
(3401,Null)
(3402,Null)
(3403,Null)
(3404,Null)
(3405,Null)
(3406,Null)
(3407,Null)
(3408,Null)
(3409,Null)
(3410,Null)
(3411,Null)
(3412,Null)
(3413,Null)
(3414,Null)
(3415,Null)
(3416,Null)
(3417,Null)
(3418,Null)
(3419,Null)
(3420,Null)
(3421,Null)
(3422,Null)
(3423,Null)
(3424,Null)
(3425,Null)
(3426,Null)
(3427,Null)
(3428,Null)
(3429,Null)
(3430,Null)
(3431,Null)
(3432,Null)
(3433,Null)
(3434,Null)
(3435,Null)
(3436,Null)
(3437,Null)
(3438,Null)
(3439,Null)
(3440,Null)
(3441,Null)
(3442,Null)
(3443,Null)
(3444,Null)
(3445,Null)
(3446,Null)
(3447,Null)
(3448,Null)
(3449,Null)
(3450,Null)
(3451,Null)
(3452,Null)
(3453,Null)
(3454,Null)
(3455,Null)
(3456,Null)
(3457,Null)
(3458,Null)
(3459,Null)
(3460,Null)
(3461,Null)
(3462,Null)
(3463,Null)
(3464,Null)
(3465,Null)
(3466,Null)
(3467,Null)
(3468,Null)
(3469,Null)
(3470,Null)
(3471,Null)
(3472,Null)
(3473,Null)
(3474,Null)
(3475,Null)
(3476,Null)
(3477,Null)
(3478,Null)
(3479,Null)
(3480,Null)
(3481,Null)
(3482,Null)
(3483,Null)
(3484,Null)
(3485,Null)
(3486,Null)
(3487,Null)
(3488,Null)
(3489,Null)
(3490,Null)
(3491,Null)
(3492,Null)
(3493,Null)
(3494,Null)
(3495,Null)
(3496,Null)
(3497,Null)
(3498,Null)
(3499,Null)
(3500,Null)
(3501,Null)
(3502,Null)
(3503,Null)
(3504,Null)
(3505,Null)
(3506,Null)
(3507,Null)
(3508,Null)
(3509,Null)
(3510,Null)
(3511,Null)
(3512,Null)
(3513,Null)
(3514,Null)
(3515,Null)
(3516,Null)
(3517,Null)
(3518,Null)
(3519,Null)
(3520,Null)
(3521,Null)
(3522,Null)
(3523,Null)
(3524,Null)
(3525,Null)
(3526,Null)
(3527,Null)
(3528,Null)
(3529,Null)
(3530,Null)
(3531,Null)
(3532,Null)
(3533,Null)
(3534,Null)
(3535,Null)
(3536,Null)
(3537,Null)
(3538,Null)
(3539,Null)
(3540,Null)
(3541,Null)
(3542,Null)
(3543,Null)
(3544,Null)
(3545,Null)
(3546,Null)
(3547,Null)
(3548,Null)
(3549,Null)
(3550,Null)
(3551,Null)
(3552,Null)
(3553,Null)
(3554,Null)
(3555,Null)
(3556,Null)
(3557,Null)
(3558,Null)
(3559,Null)
(3560,Null)
(3561,Null)
(3562,Null)
(3563,Null)
(3564,Null)
(3565,Null)
(3566,Null)
(3567,Null)
(3568,Null)
(3569,Null)
(3570,Null)
(3571,Null)
(3572,Null)
(3573,Null)
(3574,Null)
(3575,Null)
(3576,Null)
(3577,Null)
(3578,Null)
(3579,Null)
(3580,Null)
(3581,Null)
(3582,Null)
(3583,Null)
(3584,Null)
(3585,Null)
(3586,Null)
(3587,Null)
(3588,Null)
(3589,Null)
(3590,Null)
(3591,Null)
(3592,Null)
(3593,Null)
(3594,Null)
(3595,Null)
(3596,Null)
(3597,Null)
(3598,Null)
(3599,Null)
(3600,Null)
(3601,Null)
(3602,Null)
(3603,Null)
(3604,Null)
(3605,Null)
(3606,Null)
(3607,Null)
(3608,Null)
(3609,Null)
(3610,Null)
(3611,Null)
(3612,Null)
(3613,Null)
(3614,Null)
(3615,Null)
(3616,Null)
(3617,Null)
(3618,Null)
(3619,Null)
(3620,Null)
(3621,Null)
(3622,Null)
(3623,Null)
(3624,Null)
(3625,Null)
(3626,Null)
(3627,Null)
(3628,Null)
(3629,Null)
(3630,Null)
(3631,Null)
(3632,Null)
(3633,Null)
(3634,Null)
(3635,Null)
(3636,Null)
(3637,Null)
(3638,Null)
(3639,Null)
(3640,Null)
(3641,Null)
(3642,Null)
(3643,Null)
(3644,Null)
(3645,Null)
(3646,Null)
(3647,Null)
(3648,Null)
(3649,Null)
(3650,Null)
(3651,Null)
(3652,Null)
(3653,Null)
(3654,Null)
(3655,Null)
(3656,Null)
(3657,Null)
(3658,Null)
(3659,Null)
(3660,Null)
(3661,Null)
(3662,Null)
(3663,Null)
(3664,Null)
(3665,Null)
(3666,Null)
(3667,Null)
(3668,Null)
(3669,Null)
(3670,Null)
(3671,Null)
(3672,Null)
(3673,Null)
(3674,Null)
(3675,Null)
(3676,Null)
(3677,Null)
(3678,Null)
(3679,Null)
(3680,Null)
(3681,Null)
(3682,Null)
(3683,Null)
(3684,Null)
(3685,Null)
(3686,Null)
(3687,Null)
(3688,Null)
(3689,Null)
(3690,Null)
(3691,Null)
(3692,Null)
(3693,Null)
(3694,Null)
(3695,Null)
(3696,Null)
(3697,Null)
(3698,Null)
(3699,Null)
(3700,Null)
(3701,Null)
(3702,Null)
(3703,Null)
(3704,Null)
(3705,Null)
(3706,Null)
(3707,Null)
(3708,Null)
(3709,Null)
(3710,Null)
(3711,Null)
(3712,Null)
(3713,Null)
(3714,Null)
(3715,Null)
(3716,Null)
(3717,Null)
(3718,Null)
(3719,Null)
(3720,Null)
(3721,Null)
(3722,Null)
(3723,Null)
(3724,Null)
(3725,Null)
(3726,Null)
(3727,Null)
(3728,Null)
(3729,Null)
(3730,Null)
(3731,Null)
(3732,Null)
(3733,Null)
(3734,Null)
(3735,Null)
(3736,Null)
(3737,Null)
(3738,Null)
(3739,Null)
(3740,Null)
(3741,Null)
(3742,Null)
(3743,Null)
(3744,Null)
(3745,Null)
(3746,Null)
(3747,Null)
(3748,Null)
(3749,Null)
(3750,Null)
(3751,Null)
(3752,Null)
(3753,Null)
(3754,Null)
(3755,Null)
(3756,Null)
(3757,Null)
(3758,Null)
(3759,Null)
(3760,Null)
(3761,Null)
(3762,Null)
(3763,Null)
(3764,Null)
(3765,Null)
(3766,Null)
(3767,Null)
(3768,Null)
(3769,Null)
(3770,Null)
(3771,Null)
(3772,Null)
(3773,Null)
(3774,Null)
(3775,Null)
(3776,Null)
(3777,Null)
(3778,Null)
(3779,Null)
(3780,Null)
(3781,Null)
(3782,Null)
(3783,Null)
(3784,Null)
(3785,Null)
(3786,Null)
(3787,Null)
(3788,Null)
(3789,Null)
(3790,Null)
(3791,Null)
(3792,Null)
(3793,Null)
(3794,Null)
(3795,Null)
(3796,Null)
(3797,Null)
(3798,Null)
(3799,Null)
(3800,Null)
(3801,Null)
(3802,Null)
(3803,Null)
(3804,Null)
(3805,Null)
(3806,Null)
(3807,Null)
(3808,Null)
(3809,Null)
(3810,Null)
(3811,Null)
(3812,Null)
(3813,Null)
(3814,Null)
(3815,Null)
(3816,Null)
(3817,Null)
(3818,Null)
(3819,Null)
(3820,Null)
(3821,Null)
(3822,Null)
(3823,Null)
(3824,Null)
(3825,Null)
(3826,Null)
(3827,Null)
(3828,Null)
(3829,Null)
(3830,Null)
(3831,Null)
(3832,Null)
(3833,Null)
(3834,Null)
(3835,Null)
(3836,Null)
(3837,Null)
(3838,Null)
(3839,Null)
(3840,Null)
(3841,Null)
(3842,Null)
(3843,Null)
(3844,Null)
(3845,Null)
(3846,Null)
(3847,Null)
(3848,Null)
(3849,Null)
(3850,Null)
(3851,Null)
(3852,Null)
(3853,Null)
(3854,Null)
(3855,Null)
(3856,Null)
(3857,Null)
(3858,Null)
(3859,Null)
(3860,Null)
(3861,Null)
(3862,Null)
(3863,Null)
(3864,Null)
(3865,Null)
(3866,Null)
(3867,Null)
(3868,Null)
(3869,Null)
(3870,Null)
(3871,Null)
(3872,Null)
(3873,Null)
(3874,Null)
(3875,Null)
(3876,Null)
(3877,Null)
(3878,Null)
(3879,Null)
(3880,Null)
(3881,Null)
(3882,Null)
(3883,Null)
(3884,Null)
(3885,Null)
(3886,Null)
(3887,Null)
(3888,Null)
(3889,Null)
(3890,Null)
(3891,Null)
(3892,Null)
(3893,Null)
(3894,Null)
(3895,Null)
(3896,Null)
(3897,Null)
(3898,Null)
(3899,Null)
(3900,Null)
(3901,Null)
(3902,Null)
(3903,Null)
(3904,Null)
(3905,Null)
(3906,Null)
(3907,Null)
(3908,Null)
(3909,Null)
(3910,Null)
(3911,Null)
(3912,Null)
(3913,Null)
(3914,Null)
(3915,Null)
(3916,Null)
(3917,Null)
(3918,Null)
(3919,Null)
(3920,Null)
(3921,Null)
(3922,Null)
(3923,Null)
(3924,Null)
(3925,Null)
(3926,Null)
(3927,Null)
(3928,Null)
(3929,Null)
(3930,Null)
(3931,Null)
(3932,Null)
(3933,Null)
(3934,Null)
(3935,Null)
(3936,Null)
(3937,Null)
(3938,Null)
(3939,Null)
(3940,Null)
(3941,Null)
(3942,Null)
(3943,Null)
(3944,Null)
(3945,Null)
(3946,Null)
(3947,Null)
(3948,Null)
(3949,Null)
(3950,Null)
(3951,Null)
(3952,Null)
(3953,Null)
(3954,Null)
(3955,Null)
(3956,Null)
(3957,Null)
(3958,Null)
(3959,Null)
(3960,Null)
(3961,Null)
(3962,Null)
(3963,Null)
(3964,Null)
(3965,Null)
(3966,Null)
(3967,Null)
(3968,Null)
(3969,Null)
(3970,Null)
(3971,Null)
(3972,Null)
(3973,Null)
(3974,Null)
(3975,Null)
(3976,Null)
(3977,Null)
(3978,Null)
(3979,Null)
(3980,Null)
(3981,Null)
(3982,Null)
(3983,Null)
(3984,Null)
(3985,Null)
(3986,Null)
(3987,Null)
(3988,Null)
(3989,Null)
(3990,Null)
(3991,Null)
(3992,Null)
(3993,Null)
(3994,Null)
(3995,Null)
(3996,Null)
(3997,Null)
(3998,Null)
(3999,Null)
(4000,Null)
(4001,Null)
(4002,Null)
(4003,Null)
(4004,Null)
(4005,Null)
(4006,Null)
(4007,Null)
(4008,Null)
(4009,Null)
(4010,Null)
(4011,Null)
(4012,Null)
(4013,Null)
(4014,Null)
(4015,Null)
(4016,Null)
(4017,Null)
(4018,Null)
(4019,Null)
(4020,Null)
(4021,Null)
(4022,Null)
(4023,Null)
(4024,Null)
(4025,Null)
(4026,Null)
(4027,Null)
(4028,Null)
(4029,Null)
(4030,Null)
(4031,Null)
(4032,Null)
(4033,Null)
(4034,Null)
(4035,Null)
(4036,Null)
(4037,Null)
(4038,Null)
(4039,Null)
(4040,Null)
(4041,Null)
(4042,Null)
(4043,Null)
(4044,Null)
(4045,Null)
(4046,Null)
(4047,Null)
(4048,Null)
(4049,Null)
(4050,Null)
(4051,Null)
(4052,Null)
(4053,Null)
(4054,Null)
(4055,Null)
(4056,Null)
(4057,Null)
(4058,Null)
(4059,Null)
(4060,Null)
(4061,Null)
(4062,Null)
(4063,Null)
(4064,Null)
(4065,Null)
(4066,Null)
(4067,Null)
(4068,Null)
(4069,Null)
(4070,Null)
(4071,Null)
(4072,Null)
(4073,Null)
(4074,Null)
(4075,Null)
(4076,Null)
(4077,Null)
(4078,Null)
(4079,Null)
(4080,Null)
(4081,Null)
(4082,Null)
(4083,Null)
(4084,Null)
(4085,Null)
(4086,Null)
(4087,Null)
(4088,Null)
(4089,Null)
(4090,Null)
(4091,Null)
(4092,Null)
(4093,Null)
(4094,Null)
(4095,Null)
(4096,Null)
(4097,Null)
(4098,Null)
(4099,Null)
(4100,Null)
(4101,Null)
(4102,Null)
(4103,Null)
(4104,Null)
(4105,Null)
(4106,Null)
(4107,Null)
(4108,Null)
(4109,Null)
(4110,Null)
(4111,Null)
(4112,Null)
(4113,Null)
(4114,Null)
(4115,Null)
(4116,Null)
(4117,Null)
(4118,Null)
(4119,Null)
(4120,Null)
(4121,Null)
(4122,Null)
(4123,Null)
(4124,Null)
(4125,Null)
(4126,Null)
(4127,Null)
(4128,Null)
(4129,Null)
(4130,Null)
(4131,Null)
(4132,Null)
(4133,Null)
(4134,Null)
(4135,Null)
(4136,Null)
(4137,Null)
(4138,Null)
(4139,Null)
(4140,Null)
(4141,Null)
(4142,Null)
(4143,Null)
(4144,Null)
(4145,Null)
(4146,Null)
(4147,Null)
(4148,Null)
(4149,Null)
(4150,Null)
(4151,Null)
(4152,Null)
(4153,Null)
(4154,Null)
(4155,Null)
(4156,Null)
(4157,Null)
(4158,Null)
(4159,Null)
(4160,Null)
(4161,Null)
(4162,Null)
(4163,Null)
(4164,Null)
(4165,Null)
(4166,Null)
(4167,Null)
(4168,Null)
(4169,Null)
(4170,Null)
(4171,Null)
(4172,Null)
(4173,Null)
(4174,Null)
(4175,Null)
(4176,Null)
(4177,Null)
(4178,Null)
(4179,Null)
(4180,Null)
(4181,Null)
(4182,Null)
(4183,Null)
(4184,Null)
(4185,Null)
(4186,Null)
(4187,Null)
(4188,Null)
(4189,Null)
(4190,Null)
(4191,Null)
(4192,Null)
(4193,Null)
(4194,Null)
(4195,Null)
(4196,Null)
(4197,Null)
(4198,Null)
(4199,Null)
(4200,Null)
(4201,Null)
(4202,Null)
(4203,Null)
(4204,Null)
(4205,Null)
(4206,Null)
(4207,Null)
(4208,Null)
(4209,Null)
(4210,Null)
(4211,Null)
(4212,Null)
(4213,Null)
(4214,Null)
(4215,Null)
(4216,Null)
(4217,Null)
(4218,Null)
(4219,Null)
(4220,Null)
(4221,Null)
(4222,Null)
(4223,Null)
(4224,Null)
(4225,Null)
(4226,Null)
(4227,Null)
(4228,Null)
(4229,Null)
(4230,Null)
(4231,Null)
(4232,Null)
(4233,Null)
(4234,Null)
(4235,Null)
(4236,Null)
(4237,Null)
(4238,Null)
(4239,Null)
(4240,Null)
(4241,Null)
(4242,Null)
(4243,Null)
(4244,Null)
(4245,Null)
(4246,Null)
(4247,Null)
(4248,Null)
(4249,Null)
(4250,Null)
(4251,Null)
(4252,Null)
(4253,Null)
(4254,Null)
(4255,Null)
(4256,Null)
(4257,Null)
(4258,Null)
(4259,Null)
(4260,Null)
(4261,Null)
(4262,Null)
(4263,Null)
(4264,Null)
(4265,Null)
(4266,Null)
(4267,Null)
(4268,Null)
(4269,Null)
(4270,Null)
(4271,Null)
(4272,Null)
(4273,Null)
(4274,Null)
(4275,Null)
(4276,Null)
(4277,Null)
(4278,Null)
(4279,Null)
(4280,Null)
(4281,Null)
(4282,Null)
(4283,Null)
(4284,Null)
(4285,Null)
(4286,Null)
(4287,Null)
(4288,Null)
(4289,Null)
(4290,Null)
(4291,Null)
(4292,Null)
(4293,Null)
(4294,Null)
(4295,Null)
(4296,Null)
(4297,Null)
(4298,Null)
(4299,Null)
(4300,Null)
(4301,Null)
(4302,Null)
(4303,Null)
(4304,Null)
(4305,Null)
(4306,Null)
(4307,Null)
(4308,Null)
(4309,Null)
(4310,Null)
(4311,Null)
(4312,Null)
(4313,Null)
(4314,Null)
(4315,Null)
(4316,Null)
(4317,Null)
(4318,Null)
(4319,Null)
(4320,Null)
(4321,Null)
(4322,Null)
(4323,Null)
(4324,Null)
(4325,Null)
(4326,Null)
(4327,Null)
(4328,Null)
(4329,Null)
(4330,Null)
(4331,Null)
(4332,Null)
(4333,Null)
(4334,Null)
(4335,Null)
(4336,Null)
(4337,Null)
(4338,Null)
(4339,Null)
(4340,Null)
(4341,Null)
(4342,Null)
(4343,Null)
(4344,Null)
(4345,Null)
(4346,Null)
(4347,Null)
(4348,Null)
(4349,Null)
(4350,Null)
(4351,Null)
(4352,Null)
(4353,Null)
(4354,Null)
(4355,Null)
(4356,Null)
(4357,Null)
(4358,Null)
(4359,Null)
(4360,Null)
(4361,Null)
(4362,Null)
(4363,Null)
(4364,Null)
(4365,Null)
(4366,Null)
(4367,Null)
(4368,Null)
(4369,Null)
(4370,Null)
(4371,Null)
(4372,Null)
(4373,Null)
(4374,Null)
(4375,Null)
(4376,Null)
(4377,Null)
(4378,Null)
(4379,Null)
(4380,Null)
(4381,Null)
(4382,Null)
(4383,Null)
(4384,Null)
(4385,Null)
(4386,Null)
(4387,Null)
(4388,Null)
(4389,Null)
(4390,Null)
(4391,Null)
(4392,Null)
(4393,Null)
(4394,Null)
(4395,Null)
(4396,Null)
(4397,Null)
(4398,Null)
(4399,Null)
(4400,Null)
(4401,Null)
(4402,Null)
(4403,Null)
(4404,Null)
(4405,Null)
(4406,Null)
(4407,Null)
(4408,Null)
(4409,Null)
(4410,Null)
(4411,Null)
(4412,Null)
(4413,Null)
(4414,Null)
(4415,Null)
(4416,Null)
(4417,Null)
(4418,Null)
(4419,Null)
(4420,Null)
(4421,Null)
(4422,Null)
(4423,Null)
(4424,Null)
(4425,Null)
(4426,Null)
(4427,Null)
(4428,Null)
(4429,Null)
(4430,Null)
(4431,Null)
(4432,Null)
(4433,Null)
(4434,Null)
(4435,Null)
(4436,Null)
(4437,Null)
(4438,Null)
(4439,Null)
(4440,Null)
(4441,Null)
(4442,Null)
(4443,Null)
(4444,Null)
(4445,Null)
(4446,Null)
(4447,Null)
(4448,Null)
(4449,Null)
(4450,Null)
(4451,Null)
(4452,Null)
(4453,Null)
(4454,Null)
(4455,Null)
(4456,Null)
(4457,Null)
(4458,Null)
(4459,Null)
(4460,Null)
(4461,Null)
(4462,Null)
(4463,Null)
(4464,Null)
(4465,Null)
(4466,Null)
(4467,Null)
(4468,Null)
(4469,Null)
(4470,Null)
(4471,Null)
(4472,Null)
(4473,Null)
(4474,Null)
(4475,Null)
(4476,Null)
(4477,Null)
(4478,Null)
(4479,Null)
(4480,Null)
(4481,Null)
(4482,Null)
(4483,Null)
(4484,Null)
(4485,Null)
(4486,Null)
(4487,Null)
(4488,Null)
(4489,Null)
(4490,Null)
(4491,Null)
(4492,Null)
(4493,Null)
(4494,Null)
(4495,Null)
(4496,Null)
(4497,Null)
(4498,Null)
(4499,Null)
(4500,Null)
(4501,Null)
(4502,Null)
(4503,Null)
(4504,Null)
(4505,Null)
(4506,Null)
(4507,Null)
(4508,Null)
(4509,Null)
(4510,Null)
(4511,Null)
(4512,Null)
(4513,Null)
(4514,Null)
(4515,Null)
(4516,Null)
(4517,Null)
(4518,Null)
(4519,Null)
(4520,Null)
(4521,Null)
(4522,Null)
(4523,Null)
(4524,Null)
(4525,Null)
(4526,Null)
(4527,Null)
(4528,Null)
(4529,Null)
(4530,Null)
(4531,Null)
(4532,Null)
(4533,Null)
(4534,Null)
(4535,Null)
(4536,Null)
(4537,Null)
(4538,Null)
(4539,Null)
(4540,Null)
(4541,Null)
(4542,Null)
(4543,Null)
(4544,Null)
(4545,Null)
(4546,Null)
(4547,Null)
(4548,Null)
(4549,Null)
(4550,Null)
(4551,Null)
(4552,Null)
(4553,Null)
(4554,Null)
(4555,Null)
(4556,Null)
(4557,Null)
(4558,Null)
(4559,Null)
(4560,Null)
(4561,Null)
(4562,Null)
(4563,Null)
(4564,Null)
(4565,Null)
(4566,Null)
(4567,Null)
(4568,Null)
(4569,Null)
(4570,Null)
(4571,Null)
(4572,Null)
(4573,Null)
(4574,Null)
(4575,Null)
(4576,Null)
(4577,Null)
(4578,Null)
(4579,Null)
(4580,Null)
(4581,Null)
(4582,Null)
(4583,Null)
(4584,Null)
(4585,Null)
(4586,Null)
(4587,Null)
(4588,Null)
(4589,Null)
(4590,Null)
(4591,Null)
(4592,Null)
(4593,Null)
(4594,Null)
(4595,Null)
(4596,Null)
(4597,Null)
(4598,Null)
(4599,Null)
(4600,Null)
(4601,Null)
(4602,Null)
(4603,Null)
(4604,Null)
(4605,Null)
(4606,Null)
(4607,Null)
(4608,Null)
(4609,Null)
(4610,Null)
(4611,Null)
(4612,Null)
(4613,Null)
(4614,Null)
(4615,Null)
(4616,Null)
(4617,Null)
(4618,Null)
(4619,Null)
(4620,Null)
(4621,Null)
(4622,Null)
(4623,Null)
(4624,Null)
(4625,Null)
(4626,Null)
(4627,Null)
(4628,Null)
(4629,Null)
(4630,Null)
(4631,Null)
(4632,Null)
(4633,Null)
(4634,Null)
(4635,Null)
(4636,Null)
(4637,Null)
(4638,Null)
(4639,Null)
(4640,Null)
(4641,Null)
(4642,Null)
(4643,Null)
(4644,Null)
(4645,Null)
(4646,Null)
(4647,Null)
(4648,Null)
(4649,Null)
(4650,Null)
(4651,Null)
(4652,Null)
(4653,Null)
(4654,Null)
(4655,Null)
(4656,Null)
(4657,Null)
(4658,Null)
(4659,Null)
(4660,Null)
(4661,Null)
(4662,Null)
(4663,Null)
(4664,Null)
(4665,Null)
(4666,Null)
(4667,Null)
(4668,Null)
(4669,Null)
(4670,Null)
(4671,Null)
(4672,Null)
(4673,Null)
(4674,Null)
(4675,Null)
(4676,Null)
(4677,Null)
(4678,Null)
(4679,Null)
(4680,Null)
(4681,Null)
(4682,Null)
(4683,Null)
(4684,Null)
(4685,Null)
(4686,Null)
(4687,Null)
(4688,Null)
(4689,Null)
(4690,Null)
(4691,Null)
(4692,Null)
(4693,Null)
(4694,Null)
(4695,Null)
(4696,Null)
(4697,Null)
(4698,Null)
(4699,Null)
(4700,Null)
(4701,Null)
(4702,Null)
(4703,Null)
(4704,Null)
(4705,Null)
(4706,Null)
(4707,Null)
(4708,Null)
(4709,Null)
(4710,Null)
(4711,Null)
(4712,Null)
(4713,Null)
(4714,Null)
(4715,Null)
(4716,Null)
(4717,Null)
(4718,Null)
(4719,Null)
(4720,Null)
(4721,Null)
(4722,Null)
(4723,Null)
(4724,Null)
(4725,Null)
(4726,Null)
(4727,Null)
(4728,Null)
(4729,Null)
(4730,Null)
(4731,Null)
(4732,Null)
(4733,Null)
(4734,Null)
(4735,Null)
(4736,Null)
(4737,Null)
(4738,Null)
(4739,Null)
(4740,Null)
(4741,Null)
(4742,Null)
(4743,Null)
(4744,Null)
(4745,Null)
(4746,Null)
(4747,Null)
(4748,Null)
(4749,Null)
(4750,Null)
(4751,Null)
(4752,Null)
(4753,Null)
(4754,Null)
(4755,Null)
(4756,Null)
(4757,Null)
(4758,Null)
(4759,Null)
(4760,Null)
(4761,Null)
(4762,Null)
(4763,Null)
(4764,Null)
(4765,Null)
(4766,Null)
(4767,Null)
(4768,Null)
(4769,Null)
(4770,Null)
(4771,Null)
(4772,Null)
(4773,Null)
(4774,Null)
(4775,Null)
(4776,Null)
(4777,Null)
(4778,Null)
(4779,Null)
(4780,Null)
(4781,Null)
(4782,Null)
(4783,Null)
(4784,Null)
(4785,Null)
(4786,Null)
(4787,Null)
(4788,Null)
(4789,Null)
(4790,Null)
(4791,Null)
(4792,Null)
(4793,Null)
(4794,Null)
(4795,Null)
(4796,Null)
(4797,Null)
(4798,Null)
(4799,Null)
(4800,Null)
(4801,Null)
(4802,Null)
(4803,Null)
(4804,Null)
(4805,Null)
(4806,Null)
(4807,Null)
(4808,Null)
(4809,Null)
(4810,Null)
(4811,Null)
(4812,Null)
(4813,Null)
(4814,Null)
(4815,Null)
(4816,Null)
(4817,Null)
(4818,Null)
(4819,Null)
(4820,Null)
(4821,Null)
(4822,Null)
(4823,Null)
(4824,Null)
(4825,Null)
(4826,Null)
(4827,Null)
(4828,Null)
(4829,Null)
(4830,Null)
(4831,Null)
(4832,Null)
(4833,Null)
(4834,Null)
(4835,Null)
(4836,Null)
(4837,Null)
(4838,Null)
(4839,Null)
(4840,Null)
(4841,Null)
(4842,Null)
(4843,Null)
(4844,Null)
(4845,Null)
(4846,Null)
(4847,Null)
(4848,Null)
(4849,Null)
(4850,Null)
(4851,Null)
(4852,Null)
(4853,Null)
(4854,Null)
(4855,Null)
(4856,Null)
(4857,Null)
(4858,Null)
(4859,Null)
(4860,Null)
(4861,Null)
(4862,Null)
(4863,Null)
(4864,Null)
(4865,Null)
(4866,Null)
(4867,Null)
(4868,Null)
(4869,Null)
(4870,Null)
(4871,Null)
(4872,Null)
(4873,Null)
(4874,Null)
(4875,Null)
(4876,Null)
(4877,Null)
(4878,Null)
(4879,Null)
(4880,Null)
(4881,Null)
(4882,Null)
(4883,Null)
(4884,Null)
(4885,Null)
(4886,Null)
(4887,Null)
(4888,Null)
(4889,Null)
(4890,Null)
(4891,Null)
(4892,Null)
(4893,Null)
(4894,Null)
(4895,Null)
(4896,Null)
(4897,Null)
(4898,Null)
(4899,Null)
(4900,Null)
(4901,Null)
(4902,Null)
(4903,Null)
(4904,Null)
(4905,Null)
(4906,Null)
(4907,Null)
(4908,Null)
(4909,Null)
(4910,Null)
(4911,Null)
(4912,Null)
(4913,Null)
(4914,Null)
(4915,Null)
(4916,Null)
(4917,Null)
(4918,Null)
(4919,Null)
(4920,Null)
(4921,Null)
(4922,Null)
(4923,Null)
(4924,Null)
(4925,Null)
(4926,Null)
(4927,Null)
(4928,Null)
(4929,Null)
(4930,Null)
(4931,Null)
(4932,Null)
(4933,Null)
(4934,Null)
(4935,Null)
(4936,Null)
(4937,Null)
(4938,Null)
(4939,Null)
(4940,Null)
(4941,Null)
(4942,Null)
(4943,Null)
(4944,Null)
(4945,Null)
(4946,Null)
(4947,Null)
(4948,Null)
(4949,Null)
(4950,Null)
(4951,Null)
(4952,Null)
(4953,Null)
(4954,Null)
(4955,Null)
(4956,Null)
(4957,Null)
(4958,Null)
(4959,Null)
(4960,Null)
(4961,Null)
(4962,Null)
(4963,Null)
(4964,Null)
(4965,Null)
(4966,Null)
(4967,Null)
(4968,Null)
(4969,Null)
(4970,Null)
(4971,Null)
(4972,Null)
(4973,Null)
(4974,Null)
(4975,Null)
(4976,Null)
(4977,Null)
(4978,Null)
(4979,Null)
(4980,Null)
(4981,Null)
(4982,Null)
(4983,Null)
(4984,Null)
(4985,Null)
(4986,Null)
(4987,Null)
(4988,Null)
(4989,Null)
(4990,Null)
(4991,Null)
(4992,Null)
(4993,Null)
(4994,Null)
(4995,Null)
(4996,Null)
(4997,Null)
(4998,Null)
(4999,Null)
