Run successfully completed
Final P-machine state:
PC = 3   MP = 0   SP = 11   EP = -1   NP = 100   code size = 137
STORE =
(0,Int 0)
(1,Int 100)
(2,Int 200)
(3,Int 300)
(4,Int 400)
(5,Int 500)
(6,Int 600)
(7,Int 700)
(8,Int 800)
(9,Int 900)
(10,Int 1000)
(11,Int 1100)
(12,Null)
(13,Int 0)
(14,Int 0)
(15,Int (-1))
(16,Int 3)
(17,Int 0)
(18,Int 1)
(19,Int 2)
(20,Int 3)
(21,Int 4)
(22,Int 5)
(23,Int 6)
(24,Int 7)
(25,Int 8)
(26,Int 9)
(27,Int 10)
(28,Int 11)
(29,Int 3)
(30,Int 4)
(31,Bool False)
(32,Int 3)
(33,Int 3)
(34,Int 2)
(35,Null)
(36,Null)
(37,Null)
(38,Null)
(39,Null)
(40,Null)
(41,Null)
(42,Null)
(43,Null)
(44,Null)
(45,Null)
(46,Null)
(47,Null)
(48,Null)
(49,Null)
(50,Null)
(51,Null)
(52,Null)
(53,Null)
(54,Null)
(55,Null)
(56,Null)
(57,Null)
(58,Null)
(59,Null)
(60,Null)
(61,Null)
(62,Null)
(63,Null)
(64,Null)
(65,Null)
(66,Null)
(67,Null)
(68,Null)
(69,Null)
(70,Null)
(71,Null)
(72,Null)
(73,Null)
(74,Null)
(75,Null)
(76,Null)
(77,Null)
(78,Null)
(79,Null)
(80,Null)
(81,Null)
(82,Null)
(83,Null)
(84,Null)
(85,Null)
(86,Null)
(87,Null)
(88,Null)
(89,Null)
(90,Null)
(91,Null)
(92,Null)
(93,Null)
(94,Null)
(95,Null)
(96,Null)
(97,Null)
(98,Null)
(99,Null)
