Run successfully completed
Final P-machine state:
PC = 3   MP = 0   SP = 11   EP = -1   NP = 100   code size = 209
STORE =
(0,Int 0)
(1,Int 100)
(2,Int 200)
(3,Int 300)
(4,Int 400)
(5,Int 500)
(6,Int 600)
(7,Int 700)
(8,Int 800)
(9,Int 900)
(10,Int 1000)
(11,Int 1100)
(12,Null)
(13,Int 0)
(14,Int 0)
(15,Int (-1))
(16,Int 3)
(17,Int 0)
(18,Int 1)
(19,Int 2)
(20,Int 3)
(21,Int 4)
(22,Int 5)
(23,Int 6)
(24,Int 7)
(25,Int 8)
(26,Int 9)
(27,Int 10)
(28,Int 11)
(29,Int 3)
(30,Int 4)
(31,Int 66)
(32,Int 0)
(33,Int 12)
(34,Int (-1))
(35,Int 208)
(36,Int 0)
(37,Int 1)
(38,Int 2)
(39,Int 3)
(40,Int 4)
(41,Int 5)
(42,Int 6)
(43,Int 7)
(44,Int 8)
(45,Int 9)
(46,Int 10)
(47,Int 11)
(48,Int 66)
(49,Int 3)
(50,Int 4)
(51,Int 66)
(52,Int 3)
(53,Int 3)
(54,Int 2)
(55,Int 3)
(56,Null)
(57,Null)
(58,Null)
(59,Null)
(60,Null)
(61,Null)
(62,Null)
(63,Null)
(64,Null)
(65,Null)
(66,Null)
(67,Null)
(68,Null)
(69,Null)
(70,Null)
(71,Null)
(72,Null)
(73,Null)
(74,Null)
(75,Null)
(76,Null)
(77,Null)
(78,Null)
(79,Null)
(80,Null)
(81,Null)
(82,Null)
(83,Null)
(84,Null)
(85,Null)
(86,Null)
(87,Null)
(88,Null)
(89,Null)
(90,Null)
(91,Null)
(92,Null)
(93,Null)
(94,Null)
(95,Null)
(96,Null)
(97,Null)
(98,Null)
(99,Null)
