Run successfully completed
Final P-machine state:
PC = 3   MP = 0   SP = 0   EP = -1   NP = 100   code size = 62
STORE =
(0,Null)
(1,Null)
(2,Int 0)
(3,Int 0)
(4,Int (-1))
(5,Int 3)
(6,Int 3)
(7,Int 4)
(8,Int 5)
(9,Bool True)
(10,Int 3)
(11,Int 4)
(12,Bool True)
(13,Int 57)
(14,Int 0)
(15,Int 1)
(16,Int (-1))
(17,Int 61)
(18,Null)
(19,Int 57)
(20,Null)
(21,Null)
(22,Int 57)
(23,Int 19)
(24,Int 57)
(25,Null)
(26,Null)
(27,Null)
(28,Null)
(29,Null)
(30,Null)
(31,Null)
(32,Null)
(33,Null)
(34,Null)
(35,Null)
(36,Null)
(37,Null)
(38,Null)
(39,Null)
(40,Null)
(41,Null)
(42,Null)
(43,Null)
(44,Null)
(45,Null)
(46,Null)
(47,Null)
(48,Null)
(49,Null)
(50,Null)
(51,Null)
(52,Null)
(53,Null)
(54,Null)
(55,Null)
(56,Null)
(57,Null)
(58,Null)
(59,Null)
(60,Null)
(61,Null)
(62,Null)
(63,Null)
(64,Null)
(65,Null)
(66,Null)
(67,Null)
(68,Null)
(69,Null)
(70,Null)
(71,Null)
(72,Null)
(73,Null)
(74,Null)
(75,Null)
(76,Null)
(77,Null)
(78,Null)
(79,Null)
(80,Null)
(81,Null)
(82,Null)
(83,Null)
(84,Null)
(85,Null)
(86,Null)
(87,Null)
(88,Null)
(89,Null)
(90,Null)
(91,Null)
(92,Null)
(93,Null)
(94,Null)
(95,Null)
(96,Null)
(97,Null)
(98,Null)
(99,Null)
